DEBUG 2025-04-20 21:44:31,721 utils (0.024) 
                SELECT VERSION(),
                       @@sql_mode,
                       @@default_storage_engine,
                       @@sql_auto_is_null,
                       @@lower_case_table_names,
                       CONVERT_TZ('2001-01-01 01:00:00', 'UTC', 'UTC') IS NOT NULL
            ; args=None; alias=default
DEBUG 2025-04-20 21:44:31,746 utils (0.023) SET SESSION TRANSACTION ISOLATION LEVEL READ COMMITTED; args=None; alias=default
DEBUG 2025-04-20 21:44:31,793 utils (0.047) SELECT `all_players_game`.`id`, `all_players_game`.`season_type`, `all_players_game`.`date`, `all_players_game`.`home_team`, `all_players_game`.`away_team`, `all_players_game`.`home_score`, `all_players_game`.`away_score`, `all_players_game`.`current_play`, `all_players_game`.`week` FROM `all_players_game`; args=(); alias=default
DEBUG 2025-04-20 21:44:38,600 utils (0.024) 
                SELECT VERSION(),
                       @@sql_mode,
                       @@default_storage_engine,
                       @@sql_auto_is_null,
                       @@lower_case_table_names,
                       CONVERT_TZ('2001-01-01 01:00:00', 'UTC', 'UTC') IS NOT NULL
            ; args=None; alias=default
DEBUG 2025-04-20 21:44:38,623 utils (0.023) SET SESSION TRANSACTION ISOLATION LEVEL READ COMMITTED; args=None; alias=default
DEBUG 2025-04-20 21:44:38,648 utils (0.024) SELECT `auth_user`.`id`, `auth_user`.`password`, `auth_user`.`last_login`, `auth_user`.`is_superuser`, `auth_user`.`username`, `auth_user`.`first_name`, `auth_user`.`last_name`, `auth_user`.`email`, `auth_user`.`is_staff`, `auth_user`.`is_active`, `auth_user`.`date_joined` FROM `auth_user` WHERE `auth_user`.`id` = 2 LIMIT 21; args=(2,); alias=default
DEBUG 2025-04-20 21:44:38,828 utils (0.022) 
                SELECT VERSION(),
                       @@sql_mode,
                       @@default_storage_engine,
                       @@sql_auto_is_null,
                       @@lower_case_table_names,
                       CONVERT_TZ('2001-01-01 01:00:00', 'UTC', 'UTC') IS NOT NULL
            ; args=None; alias=default
DEBUG 2025-04-20 21:44:38,852 utils (0.023) SET SESSION TRANSACTION ISOLATION LEVEL READ COMMITTED; args=None; alias=default
DEBUG 2025-04-20 21:44:38,877 utils (0.025) SELECT `auth_user`.`id`, `auth_user`.`password`, `auth_user`.`last_login`, `auth_user`.`is_superuser`, `auth_user`.`username`, `auth_user`.`first_name`, `auth_user`.`last_name`, `auth_user`.`email`, `auth_user`.`is_staff`, `auth_user`.`is_active`, `auth_user`.`date_joined` FROM `auth_user` WHERE `auth_user`.`id` = 2 LIMIT 21; args=(2,); alias=default
DEBUG 2025-04-20 21:44:38,905 utils (0.026) SELECT `User_notification`.`id`, `User_notification`.`user_id`, `User_notification`.`message`, `User_notification`.`link`, `User_notification`.`is_read`, `User_notification`.`created_at` FROM `User_notification` WHERE `User_notification`.`user_id` = 2 ORDER BY `User_notification`.`created_at` DESC LIMIT 10; args=(2,); alias=default
DEBUG 2025-04-20 21:44:40,424 utils (0.024) 
                SELECT VERSION(),
                       @@sql_mode,
                       @@default_storage_engine,
                       @@sql_auto_is_null,
                       @@lower_case_table_names,
                       CONVERT_TZ('2001-01-01 01:00:00', 'UTC', 'UTC') IS NOT NULL
            ; args=None; alias=default
DEBUG 2025-04-20 21:44:40,429 utils (0.025) 
                SELECT VERSION(),
                       @@sql_mode,
                       @@default_storage_engine,
                       @@sql_auto_is_null,
                       @@lower_case_table_names,
                       CONVERT_TZ('2001-01-01 01:00:00', 'UTC', 'UTC') IS NOT NULL
            ; args=None; alias=default
DEBUG 2025-04-20 21:44:40,429 utils (0.025) 
                SELECT VERSION(),
                       @@sql_mode,
                       @@default_storage_engine,
                       @@sql_auto_is_null,
                       @@lower_case_table_names,
                       CONVERT_TZ('2001-01-01 01:00:00', 'UTC', 'UTC') IS NOT NULL
            ; args=None; alias=default
DEBUG 2025-04-20 21:44:40,448 utils (0.023) SET SESSION TRANSACTION ISOLATION LEVEL READ COMMITTED; args=None; alias=default
DEBUG 2025-04-20 21:44:40,452 utils (0.023) SET SESSION TRANSACTION ISOLATION LEVEL READ COMMITTED; args=None; alias=default
DEBUG 2025-04-20 21:44:40,453 utils (0.022) SET SESSION TRANSACTION ISOLATION LEVEL READ COMMITTED; args=None; alias=default
DEBUG 2025-04-20 21:44:40,472 utils (0.024) SELECT `auth_user`.`id`, `auth_user`.`password`, `auth_user`.`last_login`, `auth_user`.`is_superuser`, `auth_user`.`username`, `auth_user`.`first_name`, `auth_user`.`last_name`, `auth_user`.`email`, `auth_user`.`is_staff`, `auth_user`.`is_active`, `auth_user`.`date_joined` FROM `auth_user` WHERE `auth_user`.`id` = 2 LIMIT 21; args=(2,); alias=default
DEBUG 2025-04-20 21:44:40,477 utils (0.025) SELECT `auth_user`.`id`, `auth_user`.`password`, `auth_user`.`last_login`, `auth_user`.`is_superuser`, `auth_user`.`username`, `auth_user`.`first_name`, `auth_user`.`last_name`, `auth_user`.`email`, `auth_user`.`is_staff`, `auth_user`.`is_active`, `auth_user`.`date_joined` FROM `auth_user` WHERE `auth_user`.`id` = 2 LIMIT 21; args=(2,); alias=default
DEBUG 2025-04-20 21:44:40,478 utils (0.025) SELECT `auth_user`.`id`, `auth_user`.`password`, `auth_user`.`last_login`, `auth_user`.`is_superuser`, `auth_user`.`username`, `auth_user`.`first_name`, `auth_user`.`last_name`, `auth_user`.`email`, `auth_user`.`is_staff`, `auth_user`.`is_active`, `auth_user`.`date_joined` FROM `auth_user` WHERE `auth_user`.`id` = 2 LIMIT 21; args=(2,); alias=default
DEBUG 2025-04-20 21:44:40,497 utils (0.023) SELECT `User_league`.`id`, `User_league`.`name`, `User_league`.`owner_id`, `User_league`.`draft_date`, `User_league`.`time_per_pick`, `User_league`.`positional_betting`, `User_league`.`max_capacity`, `User_league`.`private`, `User_league`.`join_code`, `User_league`.`draftStarted`, `User_league`.`draftComplete` FROM `User_league` LEFT OUTER JOIN `User_league_users` ON (`User_league`.`id` = `User_league_users`.`league_id`) WHERE (`User_league_users`.`user_id` = 2 OR `User_league`.`owner_id` = 2); args=(2, 2); alias=default
DEBUG 2025-04-20 21:44:40,505 utils (0.026) SELECT `User_notification`.`id`, `User_notification`.`user_id`, `User_notification`.`message`, `User_notification`.`link`, `User_notification`.`is_read`, `User_notification`.`created_at` FROM `User_notification` WHERE `User_notification`.`user_id` = 2 ORDER BY `User_notification`.`created_at` DESC LIMIT 10; args=(2,); alias=default
DEBUG 2025-04-20 21:44:40,526 utils (0.026) SELECT `auth_user`.`id`, `auth_user`.`password`, `auth_user`.`last_login`, `auth_user`.`is_superuser`, `auth_user`.`username`, `auth_user`.`first_name`, `auth_user`.`last_name`, `auth_user`.`email`, `auth_user`.`is_staff`, `auth_user`.`is_active`, `auth_user`.`date_joined` FROM `auth_user` INNER JOIN `User_league_users` ON (`auth_user`.`id` = `User_league_users`.`user_id`) WHERE `User_league_users`.`league_id` = 1; args=(1,); alias=default
DEBUG 2025-04-20 21:44:40,550 utils (0.022) SELECT `User_team`.`id`, `User_team`.`title`, `User_team`.`author_id`, `User_team`.`league_id`, `User_team`.`rank`, `User_team`.`QB`, `User_team`.`RB1`, `User_team`.`RB2`, `User_team`.`WR1`, `User_team`.`WR2`, `User_team`.`TE`, `User_team`.`FLX`, `User_team`.`K`, `User_team`.`DEF`, `User_team`.`BN1`, `User_team`.`BN2`, `User_team`.`BN3`, `User_team`.`BN4`, `User_team`.`BN5`, `User_team`.`BN6`, `User_team`.`IR1`, `User_team`.`IR2` FROM `User_team` WHERE `User_team`.`league_id` = 1; args=(1,); alias=default
DEBUG 2025-04-20 21:44:40,572 utils (0.021) SELECT `auth_user`.`id`, `auth_user`.`password`, `auth_user`.`last_login`, `auth_user`.`is_superuser`, `auth_user`.`username`, `auth_user`.`first_name`, `auth_user`.`last_name`, `auth_user`.`email`, `auth_user`.`is_staff`, `auth_user`.`is_active`, `auth_user`.`date_joined` FROM `auth_user` INNER JOIN `User_league_users` ON (`auth_user`.`id` = `User_league_users`.`user_id`) WHERE `User_league_users`.`league_id` = 1; args=(1,); alias=default
DEBUG 2025-04-20 21:44:40,596 utils (0.023) SELECT `User_team`.`id`, `User_team`.`title`, `User_team`.`author_id`, `User_team`.`league_id`, `User_team`.`rank`, `User_team`.`QB`, `User_team`.`RB1`, `User_team`.`RB2`, `User_team`.`WR1`, `User_team`.`WR2`, `User_team`.`TE`, `User_team`.`FLX`, `User_team`.`K`, `User_team`.`DEF`, `User_team`.`BN1`, `User_team`.`BN2`, `User_team`.`BN3`, `User_team`.`BN4`, `User_team`.`BN5`, `User_team`.`BN6`, `User_team`.`IR1`, `User_team`.`IR2` FROM `User_team` WHERE `User_team`.`league_id` = 1; args=(1,); alias=default
DEBUG 2025-04-20 21:44:40,622 utils (0.024) SELECT `auth_user`.`id`, `auth_user`.`password`, `auth_user`.`last_login`, `auth_user`.`is_superuser`, `auth_user`.`username`, `auth_user`.`first_name`, `auth_user`.`last_name`, `auth_user`.`email`, `auth_user`.`is_staff`, `auth_user`.`is_active`, `auth_user`.`date_joined` FROM `auth_user` INNER JOIN `User_league_users` ON (`auth_user`.`id` = `User_league_users`.`user_id`) WHERE `User_league_users`.`league_id` = 2; args=(2,); alias=default
DEBUG 2025-04-20 21:44:40,644 utils (0.022) SELECT `User_team`.`id`, `User_team`.`title`, `User_team`.`author_id`, `User_team`.`league_id`, `User_team`.`rank`, `User_team`.`QB`, `User_team`.`RB1`, `User_team`.`RB2`, `User_team`.`WR1`, `User_team`.`WR2`, `User_team`.`TE`, `User_team`.`FLX`, `User_team`.`K`, `User_team`.`DEF`, `User_team`.`BN1`, `User_team`.`BN2`, `User_team`.`BN3`, `User_team`.`BN4`, `User_team`.`BN5`, `User_team`.`BN6`, `User_team`.`IR1`, `User_team`.`IR2` FROM `User_team` WHERE `User_team`.`league_id` = 2; args=(2,); alias=default
DEBUG 2025-04-20 21:44:40,668 utils (0.022) SELECT `auth_user`.`id`, `auth_user`.`password`, `auth_user`.`last_login`, `auth_user`.`is_superuser`, `auth_user`.`username`, `auth_user`.`first_name`, `auth_user`.`last_name`, `auth_user`.`email`, `auth_user`.`is_staff`, `auth_user`.`is_active`, `auth_user`.`date_joined` FROM `auth_user` INNER JOIN `User_league_users` ON (`auth_user`.`id` = `User_league_users`.`user_id`) WHERE `User_league_users`.`league_id` = 3; args=(3,); alias=default
DEBUG 2025-04-20 21:44:40,692 utils (0.023) SELECT `User_team`.`id`, `User_team`.`title`, `User_team`.`author_id`, `User_team`.`league_id`, `User_team`.`rank`, `User_team`.`QB`, `User_team`.`RB1`, `User_team`.`RB2`, `User_team`.`WR1`, `User_team`.`WR2`, `User_team`.`TE`, `User_team`.`FLX`, `User_team`.`K`, `User_team`.`DEF`, `User_team`.`BN1`, `User_team`.`BN2`, `User_team`.`BN3`, `User_team`.`BN4`, `User_team`.`BN5`, `User_team`.`BN6`, `User_team`.`IR1`, `User_team`.`IR2` FROM `User_team` WHERE `User_team`.`league_id` = 3; args=(3,); alias=default
DEBUG 2025-04-20 21:44:40,723 utils (0.029) SELECT `auth_user`.`id`, `auth_user`.`password`, `auth_user`.`last_login`, `auth_user`.`is_superuser`, `auth_user`.`username`, `auth_user`.`first_name`, `auth_user`.`last_name`, `auth_user`.`email`, `auth_user`.`is_staff`, `auth_user`.`is_active`, `auth_user`.`date_joined` FROM `auth_user` INNER JOIN `User_league_users` ON (`auth_user`.`id` = `User_league_users`.`user_id`) WHERE `User_league_users`.`league_id` = 5; args=(5,); alias=default
DEBUG 2025-04-20 21:44:40,744 utils (0.020) SELECT `User_team`.`id`, `User_team`.`title`, `User_team`.`author_id`, `User_team`.`league_id`, `User_team`.`rank`, `User_team`.`QB`, `User_team`.`RB1`, `User_team`.`RB2`, `User_team`.`WR1`, `User_team`.`WR2`, `User_team`.`TE`, `User_team`.`FLX`, `User_team`.`K`, `User_team`.`DEF`, `User_team`.`BN1`, `User_team`.`BN2`, `User_team`.`BN3`, `User_team`.`BN4`, `User_team`.`BN5`, `User_team`.`BN6`, `User_team`.`IR1`, `User_team`.`IR2` FROM `User_team` WHERE `User_team`.`league_id` = 5; args=(5,); alias=default
DEBUG 2025-04-20 21:44:40,768 utils (0.023) SELECT `auth_user`.`id`, `auth_user`.`password`, `auth_user`.`last_login`, `auth_user`.`is_superuser`, `auth_user`.`username`, `auth_user`.`first_name`, `auth_user`.`last_name`, `auth_user`.`email`, `auth_user`.`is_staff`, `auth_user`.`is_active`, `auth_user`.`date_joined` FROM `auth_user` INNER JOIN `User_league_users` ON (`auth_user`.`id` = `User_league_users`.`user_id`) WHERE `User_league_users`.`league_id` = 9; args=(9,); alias=default
DEBUG 2025-04-20 21:44:40,792 utils (0.023) SELECT `User_team`.`id`, `User_team`.`title`, `User_team`.`author_id`, `User_team`.`league_id`, `User_team`.`rank`, `User_team`.`QB`, `User_team`.`RB1`, `User_team`.`RB2`, `User_team`.`WR1`, `User_team`.`WR2`, `User_team`.`TE`, `User_team`.`FLX`, `User_team`.`K`, `User_team`.`DEF`, `User_team`.`BN1`, `User_team`.`BN2`, `User_team`.`BN3`, `User_team`.`BN4`, `User_team`.`BN5`, `User_team`.`BN6`, `User_team`.`IR1`, `User_team`.`IR2` FROM `User_team` WHERE `User_team`.`league_id` = 9; args=(9,); alias=default
DEBUG 2025-04-20 21:44:40,816 utils (0.023) SELECT `auth_user`.`id`, `auth_user`.`password`, `auth_user`.`last_login`, `auth_user`.`is_superuser`, `auth_user`.`username`, `auth_user`.`first_name`, `auth_user`.`last_name`, `auth_user`.`email`, `auth_user`.`is_staff`, `auth_user`.`is_active`, `auth_user`.`date_joined` FROM `auth_user` INNER JOIN `User_league_users` ON (`auth_user`.`id` = `User_league_users`.`user_id`) WHERE `User_league_users`.`league_id` = 10; args=(10,); alias=default
DEBUG 2025-04-20 21:44:40,840 utils (0.023) SELECT `User_team`.`id`, `User_team`.`title`, `User_team`.`author_id`, `User_team`.`league_id`, `User_team`.`rank`, `User_team`.`QB`, `User_team`.`RB1`, `User_team`.`RB2`, `User_team`.`WR1`, `User_team`.`WR2`, `User_team`.`TE`, `User_team`.`FLX`, `User_team`.`K`, `User_team`.`DEF`, `User_team`.`BN1`, `User_team`.`BN2`, `User_team`.`BN3`, `User_team`.`BN4`, `User_team`.`BN5`, `User_team`.`BN6`, `User_team`.`IR1`, `User_team`.`IR2` FROM `User_team` WHERE `User_team`.`league_id` = 10; args=(10,); alias=default
DEBUG 2025-04-20 21:44:40,864 utils (0.023) SELECT `auth_user`.`id`, `auth_user`.`password`, `auth_user`.`last_login`, `auth_user`.`is_superuser`, `auth_user`.`username`, `auth_user`.`first_name`, `auth_user`.`last_name`, `auth_user`.`email`, `auth_user`.`is_staff`, `auth_user`.`is_active`, `auth_user`.`date_joined` FROM `auth_user` INNER JOIN `User_league_users` ON (`auth_user`.`id` = `User_league_users`.`user_id`) WHERE `User_league_users`.`league_id` = 15; args=(15,); alias=default
DEBUG 2025-04-20 21:44:40,888 utils (0.023) SELECT `User_team`.`id`, `User_team`.`title`, `User_team`.`author_id`, `User_team`.`league_id`, `User_team`.`rank`, `User_team`.`QB`, `User_team`.`RB1`, `User_team`.`RB2`, `User_team`.`WR1`, `User_team`.`WR2`, `User_team`.`TE`, `User_team`.`FLX`, `User_team`.`K`, `User_team`.`DEF`, `User_team`.`BN1`, `User_team`.`BN2`, `User_team`.`BN3`, `User_team`.`BN4`, `User_team`.`BN5`, `User_team`.`BN6`, `User_team`.`IR1`, `User_team`.`IR2` FROM `User_team` WHERE `User_team`.`league_id` = 15; args=(15,); alias=default
DEBUG 2025-04-20 21:44:40,912 utils (0.023) SELECT `auth_user`.`id`, `auth_user`.`password`, `auth_user`.`last_login`, `auth_user`.`is_superuser`, `auth_user`.`username`, `auth_user`.`first_name`, `auth_user`.`last_name`, `auth_user`.`email`, `auth_user`.`is_staff`, `auth_user`.`is_active`, `auth_user`.`date_joined` FROM `auth_user` INNER JOIN `User_league_users` ON (`auth_user`.`id` = `User_league_users`.`user_id`) WHERE `User_league_users`.`league_id` = 16; args=(16,); alias=default
DEBUG 2025-04-20 21:44:40,938 utils (0.024) SELECT `User_team`.`id`, `User_team`.`title`, `User_team`.`author_id`, `User_team`.`league_id`, `User_team`.`rank`, `User_team`.`QB`, `User_team`.`RB1`, `User_team`.`RB2`, `User_team`.`WR1`, `User_team`.`WR2`, `User_team`.`TE`, `User_team`.`FLX`, `User_team`.`K`, `User_team`.`DEF`, `User_team`.`BN1`, `User_team`.`BN2`, `User_team`.`BN3`, `User_team`.`BN4`, `User_team`.`BN5`, `User_team`.`BN6`, `User_team`.`IR1`, `User_team`.`IR2` FROM `User_team` WHERE `User_team`.`league_id` = 16; args=(16,); alias=default
DEBUG 2025-04-20 21:44:40,960 utils (0.021) SELECT `auth_user`.`id`, `auth_user`.`password`, `auth_user`.`last_login`, `auth_user`.`is_superuser`, `auth_user`.`username`, `auth_user`.`first_name`, `auth_user`.`last_name`, `auth_user`.`email`, `auth_user`.`is_staff`, `auth_user`.`is_active`, `auth_user`.`date_joined` FROM `auth_user` INNER JOIN `User_league_users` ON (`auth_user`.`id` = `User_league_users`.`user_id`) WHERE `User_league_users`.`league_id` = 17; args=(17,); alias=default
DEBUG 2025-04-20 21:44:40,984 utils (0.023) SELECT `User_team`.`id`, `User_team`.`title`, `User_team`.`author_id`, `User_team`.`league_id`, `User_team`.`rank`, `User_team`.`QB`, `User_team`.`RB1`, `User_team`.`RB2`, `User_team`.`WR1`, `User_team`.`WR2`, `User_team`.`TE`, `User_team`.`FLX`, `User_team`.`K`, `User_team`.`DEF`, `User_team`.`BN1`, `User_team`.`BN2`, `User_team`.`BN3`, `User_team`.`BN4`, `User_team`.`BN5`, `User_team`.`BN6`, `User_team`.`IR1`, `User_team`.`IR2` FROM `User_team` WHERE `User_team`.`league_id` = 17; args=(17,); alias=default
DEBUG 2025-04-20 21:44:41,008 utils (0.023) SELECT `auth_user`.`id`, `auth_user`.`password`, `auth_user`.`last_login`, `auth_user`.`is_superuser`, `auth_user`.`username`, `auth_user`.`first_name`, `auth_user`.`last_name`, `auth_user`.`email`, `auth_user`.`is_staff`, `auth_user`.`is_active`, `auth_user`.`date_joined` FROM `auth_user` INNER JOIN `User_league_users` ON (`auth_user`.`id` = `User_league_users`.`user_id`) WHERE `User_league_users`.`league_id` = 18; args=(18,); alias=default
DEBUG 2025-04-20 21:44:41,037 utils (0.029) SELECT `User_team`.`id`, `User_team`.`title`, `User_team`.`author_id`, `User_team`.`league_id`, `User_team`.`rank`, `User_team`.`QB`, `User_team`.`RB1`, `User_team`.`RB2`, `User_team`.`WR1`, `User_team`.`WR2`, `User_team`.`TE`, `User_team`.`FLX`, `User_team`.`K`, `User_team`.`DEF`, `User_team`.`BN1`, `User_team`.`BN2`, `User_team`.`BN3`, `User_team`.`BN4`, `User_team`.`BN5`, `User_team`.`BN6`, `User_team`.`IR1`, `User_team`.`IR2` FROM `User_team` WHERE `User_team`.`league_id` = 18; args=(18,); alias=default
DEBUG 2025-04-20 21:44:41,060 utils (0.022) SELECT `auth_user`.`id`, `auth_user`.`password`, `auth_user`.`last_login`, `auth_user`.`is_superuser`, `auth_user`.`username`, `auth_user`.`first_name`, `auth_user`.`last_name`, `auth_user`.`email`, `auth_user`.`is_staff`, `auth_user`.`is_active`, `auth_user`.`date_joined` FROM `auth_user` INNER JOIN `User_league_users` ON (`auth_user`.`id` = `User_league_users`.`user_id`) WHERE `User_league_users`.`league_id` = 19; args=(19,); alias=default
DEBUG 2025-04-20 21:44:41,084 utils (0.023) SELECT `User_team`.`id`, `User_team`.`title`, `User_team`.`author_id`, `User_team`.`league_id`, `User_team`.`rank`, `User_team`.`QB`, `User_team`.`RB1`, `User_team`.`RB2`, `User_team`.`WR1`, `User_team`.`WR2`, `User_team`.`TE`, `User_team`.`FLX`, `User_team`.`K`, `User_team`.`DEF`, `User_team`.`BN1`, `User_team`.`BN2`, `User_team`.`BN3`, `User_team`.`BN4`, `User_team`.`BN5`, `User_team`.`BN6`, `User_team`.`IR1`, `User_team`.`IR2` FROM `User_team` WHERE `User_team`.`league_id` = 19; args=(19,); alias=default
DEBUG 2025-04-20 21:44:41,109 utils (0.024) SELECT `auth_user`.`id`, `auth_user`.`password`, `auth_user`.`last_login`, `auth_user`.`is_superuser`, `auth_user`.`username`, `auth_user`.`first_name`, `auth_user`.`last_name`, `auth_user`.`email`, `auth_user`.`is_staff`, `auth_user`.`is_active`, `auth_user`.`date_joined` FROM `auth_user` INNER JOIN `User_league_users` ON (`auth_user`.`id` = `User_league_users`.`user_id`) WHERE `User_league_users`.`league_id` = 20; args=(20,); alias=default
DEBUG 2025-04-20 21:44:41,132 utils (0.023) SELECT `User_team`.`id`, `User_team`.`title`, `User_team`.`author_id`, `User_team`.`league_id`, `User_team`.`rank`, `User_team`.`QB`, `User_team`.`RB1`, `User_team`.`RB2`, `User_team`.`WR1`, `User_team`.`WR2`, `User_team`.`TE`, `User_team`.`FLX`, `User_team`.`K`, `User_team`.`DEF`, `User_team`.`BN1`, `User_team`.`BN2`, `User_team`.`BN3`, `User_team`.`BN4`, `User_team`.`BN5`, `User_team`.`BN6`, `User_team`.`IR1`, `User_team`.`IR2` FROM `User_team` WHERE `User_team`.`league_id` = 20; args=(20,); alias=default
DEBUG 2025-04-20 21:44:41,156 utils (0.023) SELECT `auth_user`.`id`, `auth_user`.`password`, `auth_user`.`last_login`, `auth_user`.`is_superuser`, `auth_user`.`username`, `auth_user`.`first_name`, `auth_user`.`last_name`, `auth_user`.`email`, `auth_user`.`is_staff`, `auth_user`.`is_active`, `auth_user`.`date_joined` FROM `auth_user` INNER JOIN `User_league_users` ON (`auth_user`.`id` = `User_league_users`.`user_id`) WHERE `User_league_users`.`league_id` = 20; args=(20,); alias=default
DEBUG 2025-04-20 21:44:41,180 utils (0.023) SELECT `User_team`.`id`, `User_team`.`title`, `User_team`.`author_id`, `User_team`.`league_id`, `User_team`.`rank`, `User_team`.`QB`, `User_team`.`RB1`, `User_team`.`RB2`, `User_team`.`WR1`, `User_team`.`WR2`, `User_team`.`TE`, `User_team`.`FLX`, `User_team`.`K`, `User_team`.`DEF`, `User_team`.`BN1`, `User_team`.`BN2`, `User_team`.`BN3`, `User_team`.`BN4`, `User_team`.`BN5`, `User_team`.`BN6`, `User_team`.`IR1`, `User_team`.`IR2` FROM `User_team` WHERE `User_team`.`league_id` = 20; args=(20,); alias=default
DEBUG 2025-04-20 21:44:41,204 utils (0.023) SELECT `auth_user`.`id`, `auth_user`.`password`, `auth_user`.`last_login`, `auth_user`.`is_superuser`, `auth_user`.`username`, `auth_user`.`first_name`, `auth_user`.`last_name`, `auth_user`.`email`, `auth_user`.`is_staff`, `auth_user`.`is_active`, `auth_user`.`date_joined` FROM `auth_user` INNER JOIN `User_league_users` ON (`auth_user`.`id` = `User_league_users`.`user_id`) WHERE `User_league_users`.`league_id` = 23; args=(23,); alias=default
DEBUG 2025-04-20 21:44:41,228 utils (0.023) SELECT `User_team`.`id`, `User_team`.`title`, `User_team`.`author_id`, `User_team`.`league_id`, `User_team`.`rank`, `User_team`.`QB`, `User_team`.`RB1`, `User_team`.`RB2`, `User_team`.`WR1`, `User_team`.`WR2`, `User_team`.`TE`, `User_team`.`FLX`, `User_team`.`K`, `User_team`.`DEF`, `User_team`.`BN1`, `User_team`.`BN2`, `User_team`.`BN3`, `User_team`.`BN4`, `User_team`.`BN5`, `User_team`.`BN6`, `User_team`.`IR1`, `User_team`.`IR2` FROM `User_team` WHERE `User_team`.`league_id` = 23; args=(23,); alias=default
DEBUG 2025-04-20 21:44:41,253 utils (0.024) SELECT `auth_user`.`id`, `auth_user`.`password`, `auth_user`.`last_login`, `auth_user`.`is_superuser`, `auth_user`.`username`, `auth_user`.`first_name`, `auth_user`.`last_name`, `auth_user`.`email`, `auth_user`.`is_staff`, `auth_user`.`is_active`, `auth_user`.`date_joined` FROM `auth_user` INNER JOIN `User_league_users` ON (`auth_user`.`id` = `User_league_users`.`user_id`) WHERE `User_league_users`.`league_id` = 24; args=(24,); alias=default
DEBUG 2025-04-20 21:44:41,276 utils (0.022) SELECT `User_team`.`id`, `User_team`.`title`, `User_team`.`author_id`, `User_team`.`league_id`, `User_team`.`rank`, `User_team`.`QB`, `User_team`.`RB1`, `User_team`.`RB2`, `User_team`.`WR1`, `User_team`.`WR2`, `User_team`.`TE`, `User_team`.`FLX`, `User_team`.`K`, `User_team`.`DEF`, `User_team`.`BN1`, `User_team`.`BN2`, `User_team`.`BN3`, `User_team`.`BN4`, `User_team`.`BN5`, `User_team`.`BN6`, `User_team`.`IR1`, `User_team`.`IR2` FROM `User_team` WHERE `User_team`.`league_id` = 24; args=(24,); alias=default
DEBUG 2025-04-20 21:44:41,301 utils (0.024) SELECT `auth_user`.`id`, `auth_user`.`password`, `auth_user`.`last_login`, `auth_user`.`is_superuser`, `auth_user`.`username`, `auth_user`.`first_name`, `auth_user`.`last_name`, `auth_user`.`email`, `auth_user`.`is_staff`, `auth_user`.`is_active`, `auth_user`.`date_joined` FROM `auth_user` WHERE `auth_user`.`id` = 1 LIMIT 21; args=(1,); alias=default
DEBUG 2025-04-20 21:44:41,332 utils (0.029) SELECT `auth_user`.`id`, `auth_user`.`password`, `auth_user`.`last_login`, `auth_user`.`is_superuser`, `auth_user`.`username`, `auth_user`.`first_name`, `auth_user`.`last_name`, `auth_user`.`email`, `auth_user`.`is_staff`, `auth_user`.`is_active`, `auth_user`.`date_joined` FROM `auth_user` INNER JOIN `User_league_users` ON (`auth_user`.`id` = `User_league_users`.`user_id`) WHERE `User_league_users`.`league_id` = 37; args=(37,); alias=default
DEBUG 2025-04-20 21:44:41,356 utils (0.023) SELECT `User_team`.`id`, `User_team`.`title`, `User_team`.`author_id`, `User_team`.`league_id`, `User_team`.`rank`, `User_team`.`QB`, `User_team`.`RB1`, `User_team`.`RB2`, `User_team`.`WR1`, `User_team`.`WR2`, `User_team`.`TE`, `User_team`.`FLX`, `User_team`.`K`, `User_team`.`DEF`, `User_team`.`BN1`, `User_team`.`BN2`, `User_team`.`BN3`, `User_team`.`BN4`, `User_team`.`BN5`, `User_team`.`BN6`, `User_team`.`IR1`, `User_team`.`IR2` FROM `User_team` WHERE `User_team`.`league_id` = 37; args=(37,); alias=default
DEBUG 2025-04-20 21:44:41,384 utils (0.027) SELECT `auth_user`.`id`, `auth_user`.`password`, `auth_user`.`last_login`, `auth_user`.`is_superuser`, `auth_user`.`username`, `auth_user`.`first_name`, `auth_user`.`last_name`, `auth_user`.`email`, `auth_user`.`is_staff`, `auth_user`.`is_active`, `auth_user`.`date_joined` FROM `auth_user` WHERE `auth_user`.`id` = 1 LIMIT 21; args=(1,); alias=default
DEBUG 2025-04-20 21:44:41,408 utils (0.023) SELECT `auth_user`.`id`, `auth_user`.`password`, `auth_user`.`last_login`, `auth_user`.`is_superuser`, `auth_user`.`username`, `auth_user`.`first_name`, `auth_user`.`last_name`, `auth_user`.`email`, `auth_user`.`is_staff`, `auth_user`.`is_active`, `auth_user`.`date_joined` FROM `auth_user` INNER JOIN `User_league_users` ON (`auth_user`.`id` = `User_league_users`.`user_id`) WHERE `User_league_users`.`league_id` = 42; args=(42,); alias=default
DEBUG 2025-04-20 21:44:41,432 utils (0.023) SELECT `User_team`.`id`, `User_team`.`title`, `User_team`.`author_id`, `User_team`.`league_id`, `User_team`.`rank`, `User_team`.`QB`, `User_team`.`RB1`, `User_team`.`RB2`, `User_team`.`WR1`, `User_team`.`WR2`, `User_team`.`TE`, `User_team`.`FLX`, `User_team`.`K`, `User_team`.`DEF`, `User_team`.`BN1`, `User_team`.`BN2`, `User_team`.`BN3`, `User_team`.`BN4`, `User_team`.`BN5`, `User_team`.`BN6`, `User_team`.`IR1`, `User_team`.`IR2` FROM `User_team` WHERE `User_team`.`league_id` = 42; args=(42,); alias=default
DEBUG 2025-04-20 21:44:41,460 utils (0.026) SELECT `auth_user`.`id`, `auth_user`.`password`, `auth_user`.`last_login`, `auth_user`.`is_superuser`, `auth_user`.`username`, `auth_user`.`first_name`, `auth_user`.`last_name`, `auth_user`.`email`, `auth_user`.`is_staff`, `auth_user`.`is_active`, `auth_user`.`date_joined` FROM `auth_user` INNER JOIN `User_league_users` ON (`auth_user`.`id` = `User_league_users`.`user_id`) WHERE `User_league_users`.`league_id` = 43; args=(43,); alias=default
DEBUG 2025-04-20 21:44:41,485 utils (0.024) SELECT `User_team`.`id`, `User_team`.`title`, `User_team`.`author_id`, `User_team`.`league_id`, `User_team`.`rank`, `User_team`.`QB`, `User_team`.`RB1`, `User_team`.`RB2`, `User_team`.`WR1`, `User_team`.`WR2`, `User_team`.`TE`, `User_team`.`FLX`, `User_team`.`K`, `User_team`.`DEF`, `User_team`.`BN1`, `User_team`.`BN2`, `User_team`.`BN3`, `User_team`.`BN4`, `User_team`.`BN5`, `User_team`.`BN6`, `User_team`.`IR1`, `User_team`.`IR2` FROM `User_team` WHERE `User_team`.`league_id` = 43; args=(43,); alias=default
DEBUG 2025-04-20 21:44:41,513 utils (0.027) SELECT `auth_user`.`id`, `auth_user`.`password`, `auth_user`.`last_login`, `auth_user`.`is_superuser`, `auth_user`.`username`, `auth_user`.`first_name`, `auth_user`.`last_name`, `auth_user`.`email`, `auth_user`.`is_staff`, `auth_user`.`is_active`, `auth_user`.`date_joined` FROM `auth_user` INNER JOIN `User_league_users` ON (`auth_user`.`id` = `User_league_users`.`user_id`) WHERE `User_league_users`.`league_id` = 44; args=(44,); alias=default
DEBUG 2025-04-20 21:44:41,539 utils (0.026) SELECT `User_team`.`id`, `User_team`.`title`, `User_team`.`author_id`, `User_team`.`league_id`, `User_team`.`rank`, `User_team`.`QB`, `User_team`.`RB1`, `User_team`.`RB2`, `User_team`.`WR1`, `User_team`.`WR2`, `User_team`.`TE`, `User_team`.`FLX`, `User_team`.`K`, `User_team`.`DEF`, `User_team`.`BN1`, `User_team`.`BN2`, `User_team`.`BN3`, `User_team`.`BN4`, `User_team`.`BN5`, `User_team`.`BN6`, `User_team`.`IR1`, `User_team`.`IR2` FROM `User_team` WHERE `User_team`.`league_id` = 44; args=(44,); alias=default
DEBUG 2025-04-20 21:44:41,578 utils (0.038) SELECT `auth_user`.`id`, `auth_user`.`password`, `auth_user`.`last_login`, `auth_user`.`is_superuser`, `auth_user`.`username`, `auth_user`.`first_name`, `auth_user`.`last_name`, `auth_user`.`email`, `auth_user`.`is_staff`, `auth_user`.`is_active`, `auth_user`.`date_joined` FROM `auth_user` INNER JOIN `User_league_users` ON (`auth_user`.`id` = `User_league_users`.`user_id`) WHERE `User_league_users`.`league_id` = 44; args=(44,); alias=default
DEBUG 2025-04-20 21:44:41,621 utils (0.042) SELECT `User_team`.`id`, `User_team`.`title`, `User_team`.`author_id`, `User_team`.`league_id`, `User_team`.`rank`, `User_team`.`QB`, `User_team`.`RB1`, `User_team`.`RB2`, `User_team`.`WR1`, `User_team`.`WR2`, `User_team`.`TE`, `User_team`.`FLX`, `User_team`.`K`, `User_team`.`DEF`, `User_team`.`BN1`, `User_team`.`BN2`, `User_team`.`BN3`, `User_team`.`BN4`, `User_team`.`BN5`, `User_team`.`BN6`, `User_team`.`IR1`, `User_team`.`IR2` FROM `User_team` WHERE `User_team`.`league_id` = 44; args=(44,); alias=default
DEBUG 2025-04-20 21:44:41,644 utils (0.023) SELECT `auth_user`.`id`, `auth_user`.`password`, `auth_user`.`last_login`, `auth_user`.`is_superuser`, `auth_user`.`username`, `auth_user`.`first_name`, `auth_user`.`last_name`, `auth_user`.`email`, `auth_user`.`is_staff`, `auth_user`.`is_active`, `auth_user`.`date_joined` FROM `auth_user` INNER JOIN `User_league_users` ON (`auth_user`.`id` = `User_league_users`.`user_id`) WHERE `User_league_users`.`league_id` = 45; args=(45,); alias=default
DEBUG 2025-04-20 21:44:41,669 utils (0.024) SELECT `User_team`.`id`, `User_team`.`title`, `User_team`.`author_id`, `User_team`.`league_id`, `User_team`.`rank`, `User_team`.`QB`, `User_team`.`RB1`, `User_team`.`RB2`, `User_team`.`WR1`, `User_team`.`WR2`, `User_team`.`TE`, `User_team`.`FLX`, `User_team`.`K`, `User_team`.`DEF`, `User_team`.`BN1`, `User_team`.`BN2`, `User_team`.`BN3`, `User_team`.`BN4`, `User_team`.`BN5`, `User_team`.`BN6`, `User_team`.`IR1`, `User_team`.`IR2` FROM `User_team` WHERE `User_team`.`league_id` = 45; args=(45,); alias=default
DEBUG 2025-04-20 21:44:41,693 utils (0.023) SELECT `auth_user`.`id`, `auth_user`.`password`, `auth_user`.`last_login`, `auth_user`.`is_superuser`, `auth_user`.`username`, `auth_user`.`first_name`, `auth_user`.`last_name`, `auth_user`.`email`, `auth_user`.`is_staff`, `auth_user`.`is_active`, `auth_user`.`date_joined` FROM `auth_user` INNER JOIN `User_league_users` ON (`auth_user`.`id` = `User_league_users`.`user_id`) WHERE `User_league_users`.`league_id` = 45; args=(45,); alias=default
DEBUG 2025-04-20 21:44:41,721 utils (0.027) SELECT `User_team`.`id`, `User_team`.`title`, `User_team`.`author_id`, `User_team`.`league_id`, `User_team`.`rank`, `User_team`.`QB`, `User_team`.`RB1`, `User_team`.`RB2`, `User_team`.`WR1`, `User_team`.`WR2`, `User_team`.`TE`, `User_team`.`FLX`, `User_team`.`K`, `User_team`.`DEF`, `User_team`.`BN1`, `User_team`.`BN2`, `User_team`.`BN3`, `User_team`.`BN4`, `User_team`.`BN5`, `User_team`.`BN6`, `User_team`.`IR1`, `User_team`.`IR2` FROM `User_team` WHERE `User_team`.`league_id` = 45; args=(45,); alias=default
DEBUG 2025-04-20 21:44:41,744 utils (0.022) SELECT `auth_user`.`id`, `auth_user`.`password`, `auth_user`.`last_login`, `auth_user`.`is_superuser`, `auth_user`.`username`, `auth_user`.`first_name`, `auth_user`.`last_name`, `auth_user`.`email`, `auth_user`.`is_staff`, `auth_user`.`is_active`, `auth_user`.`date_joined` FROM `auth_user` INNER JOIN `User_league_users` ON (`auth_user`.`id` = `User_league_users`.`user_id`) WHERE `User_league_users`.`league_id` = 46; args=(46,); alias=default
DEBUG 2025-04-20 21:44:41,769 utils (0.023) SELECT `User_team`.`id`, `User_team`.`title`, `User_team`.`author_id`, `User_team`.`league_id`, `User_team`.`rank`, `User_team`.`QB`, `User_team`.`RB1`, `User_team`.`RB2`, `User_team`.`WR1`, `User_team`.`WR2`, `User_team`.`TE`, `User_team`.`FLX`, `User_team`.`K`, `User_team`.`DEF`, `User_team`.`BN1`, `User_team`.`BN2`, `User_team`.`BN3`, `User_team`.`BN4`, `User_team`.`BN5`, `User_team`.`BN6`, `User_team`.`IR1`, `User_team`.`IR2` FROM `User_team` WHERE `User_team`.`league_id` = 46; args=(46,); alias=default
DEBUG 2025-04-20 21:44:41,792 utils (0.023) SELECT `auth_user`.`id`, `auth_user`.`password`, `auth_user`.`last_login`, `auth_user`.`is_superuser`, `auth_user`.`username`, `auth_user`.`first_name`, `auth_user`.`last_name`, `auth_user`.`email`, `auth_user`.`is_staff`, `auth_user`.`is_active`, `auth_user`.`date_joined` FROM `auth_user` INNER JOIN `User_league_users` ON (`auth_user`.`id` = `User_league_users`.`user_id`) WHERE `User_league_users`.`league_id` = 46; args=(46,); alias=default
DEBUG 2025-04-20 21:44:41,816 utils (0.023) SELECT `User_team`.`id`, `User_team`.`title`, `User_team`.`author_id`, `User_team`.`league_id`, `User_team`.`rank`, `User_team`.`QB`, `User_team`.`RB1`, `User_team`.`RB2`, `User_team`.`WR1`, `User_team`.`WR2`, `User_team`.`TE`, `User_team`.`FLX`, `User_team`.`K`, `User_team`.`DEF`, `User_team`.`BN1`, `User_team`.`BN2`, `User_team`.`BN3`, `User_team`.`BN4`, `User_team`.`BN5`, `User_team`.`BN6`, `User_team`.`IR1`, `User_team`.`IR2` FROM `User_team` WHERE `User_team`.`league_id` = 46; args=(46,); alias=default
DEBUG 2025-04-20 21:44:41,838 utils (0.021) SELECT `auth_user`.`id`, `auth_user`.`password`, `auth_user`.`last_login`, `auth_user`.`is_superuser`, `auth_user`.`username`, `auth_user`.`first_name`, `auth_user`.`last_name`, `auth_user`.`email`, `auth_user`.`is_staff`, `auth_user`.`is_active`, `auth_user`.`date_joined` FROM `auth_user` INNER JOIN `User_league_users` ON (`auth_user`.`id` = `User_league_users`.`user_id`) WHERE `User_league_users`.`league_id` = 47; args=(47,); alias=default
DEBUG 2025-04-20 21:44:41,860 utils (0.021) SELECT `User_team`.`id`, `User_team`.`title`, `User_team`.`author_id`, `User_team`.`league_id`, `User_team`.`rank`, `User_team`.`QB`, `User_team`.`RB1`, `User_team`.`RB2`, `User_team`.`WR1`, `User_team`.`WR2`, `User_team`.`TE`, `User_team`.`FLX`, `User_team`.`K`, `User_team`.`DEF`, `User_team`.`BN1`, `User_team`.`BN2`, `User_team`.`BN3`, `User_team`.`BN4`, `User_team`.`BN5`, `User_team`.`BN6`, `User_team`.`IR1`, `User_team`.`IR2` FROM `User_team` WHERE `User_team`.`league_id` = 47; args=(47,); alias=default
DEBUG 2025-04-20 21:44:41,884 utils (0.023) SELECT `auth_user`.`id`, `auth_user`.`password`, `auth_user`.`last_login`, `auth_user`.`is_superuser`, `auth_user`.`username`, `auth_user`.`first_name`, `auth_user`.`last_name`, `auth_user`.`email`, `auth_user`.`is_staff`, `auth_user`.`is_active`, `auth_user`.`date_joined` FROM `auth_user` INNER JOIN `User_league_users` ON (`auth_user`.`id` = `User_league_users`.`user_id`) WHERE `User_league_users`.`league_id` = 47; args=(47,); alias=default
DEBUG 2025-04-20 21:44:41,908 utils (0.023) SELECT `User_team`.`id`, `User_team`.`title`, `User_team`.`author_id`, `User_team`.`league_id`, `User_team`.`rank`, `User_team`.`QB`, `User_team`.`RB1`, `User_team`.`RB2`, `User_team`.`WR1`, `User_team`.`WR2`, `User_team`.`TE`, `User_team`.`FLX`, `User_team`.`K`, `User_team`.`DEF`, `User_team`.`BN1`, `User_team`.`BN2`, `User_team`.`BN3`, `User_team`.`BN4`, `User_team`.`BN5`, `User_team`.`BN6`, `User_team`.`IR1`, `User_team`.`IR2` FROM `User_team` WHERE `User_team`.`league_id` = 47; args=(47,); alias=default
DEBUG 2025-04-20 21:44:41,933 utils (0.024) SELECT `auth_user`.`id`, `auth_user`.`password`, `auth_user`.`last_login`, `auth_user`.`is_superuser`, `auth_user`.`username`, `auth_user`.`first_name`, `auth_user`.`last_name`, `auth_user`.`email`, `auth_user`.`is_staff`, `auth_user`.`is_active`, `auth_user`.`date_joined` FROM `auth_user` INNER JOIN `User_league_users` ON (`auth_user`.`id` = `User_league_users`.`user_id`) WHERE `User_league_users`.`league_id` = 50; args=(50,); alias=default
DEBUG 2025-04-20 21:44:41,956 utils (0.022) SELECT `User_team`.`id`, `User_team`.`title`, `User_team`.`author_id`, `User_team`.`league_id`, `User_team`.`rank`, `User_team`.`QB`, `User_team`.`RB1`, `User_team`.`RB2`, `User_team`.`WR1`, `User_team`.`WR2`, `User_team`.`TE`, `User_team`.`FLX`, `User_team`.`K`, `User_team`.`DEF`, `User_team`.`BN1`, `User_team`.`BN2`, `User_team`.`BN3`, `User_team`.`BN4`, `User_team`.`BN5`, `User_team`.`BN6`, `User_team`.`IR1`, `User_team`.`IR2` FROM `User_team` WHERE `User_team`.`league_id` = 50; args=(50,); alias=default
DEBUG 2025-04-20 21:44:41,980 utils (0.022) SELECT `auth_user`.`id`, `auth_user`.`password`, `auth_user`.`last_login`, `auth_user`.`is_superuser`, `auth_user`.`username`, `auth_user`.`first_name`, `auth_user`.`last_name`, `auth_user`.`email`, `auth_user`.`is_staff`, `auth_user`.`is_active`, `auth_user`.`date_joined` FROM `auth_user` INNER JOIN `User_league_users` ON (`auth_user`.`id` = `User_league_users`.`user_id`) WHERE `User_league_users`.`league_id` = 51; args=(51,); alias=default
DEBUG 2025-04-20 21:44:42,004 utils (0.023) SELECT `User_team`.`id`, `User_team`.`title`, `User_team`.`author_id`, `User_team`.`league_id`, `User_team`.`rank`, `User_team`.`QB`, `User_team`.`RB1`, `User_team`.`RB2`, `User_team`.`WR1`, `User_team`.`WR2`, `User_team`.`TE`, `User_team`.`FLX`, `User_team`.`K`, `User_team`.`DEF`, `User_team`.`BN1`, `User_team`.`BN2`, `User_team`.`BN3`, `User_team`.`BN4`, `User_team`.`BN5`, `User_team`.`BN6`, `User_team`.`IR1`, `User_team`.`IR2` FROM `User_team` WHERE `User_team`.`league_id` = 51; args=(51,); alias=default
DEBUG 2025-04-20 21:44:42,029 utils (0.023) SELECT `auth_user`.`id`, `auth_user`.`password`, `auth_user`.`last_login`, `auth_user`.`is_superuser`, `auth_user`.`username`, `auth_user`.`first_name`, `auth_user`.`last_name`, `auth_user`.`email`, `auth_user`.`is_staff`, `auth_user`.`is_active`, `auth_user`.`date_joined` FROM `auth_user` INNER JOIN `User_league_users` ON (`auth_user`.`id` = `User_league_users`.`user_id`) WHERE `User_league_users`.`league_id` = 52; args=(52,); alias=default
DEBUG 2025-04-20 21:44:42,052 utils (0.022) SELECT `User_team`.`id`, `User_team`.`title`, `User_team`.`author_id`, `User_team`.`league_id`, `User_team`.`rank`, `User_team`.`QB`, `User_team`.`RB1`, `User_team`.`RB2`, `User_team`.`WR1`, `User_team`.`WR2`, `User_team`.`TE`, `User_team`.`FLX`, `User_team`.`K`, `User_team`.`DEF`, `User_team`.`BN1`, `User_team`.`BN2`, `User_team`.`BN3`, `User_team`.`BN4`, `User_team`.`BN5`, `User_team`.`BN6`, `User_team`.`IR1`, `User_team`.`IR2` FROM `User_team` WHERE `User_team`.`league_id` = 52; args=(52,); alias=default
DEBUG 2025-04-20 21:44:42,076 utils (0.023) SELECT `auth_user`.`id`, `auth_user`.`password`, `auth_user`.`last_login`, `auth_user`.`is_superuser`, `auth_user`.`username`, `auth_user`.`first_name`, `auth_user`.`last_name`, `auth_user`.`email`, `auth_user`.`is_staff`, `auth_user`.`is_active`, `auth_user`.`date_joined` FROM `auth_user` INNER JOIN `User_league_users` ON (`auth_user`.`id` = `User_league_users`.`user_id`) WHERE `User_league_users`.`league_id` = 54; args=(54,); alias=default
DEBUG 2025-04-20 21:44:42,099 utils (0.022) SELECT `User_team`.`id`, `User_team`.`title`, `User_team`.`author_id`, `User_team`.`league_id`, `User_team`.`rank`, `User_team`.`QB`, `User_team`.`RB1`, `User_team`.`RB2`, `User_team`.`WR1`, `User_team`.`WR2`, `User_team`.`TE`, `User_team`.`FLX`, `User_team`.`K`, `User_team`.`DEF`, `User_team`.`BN1`, `User_team`.`BN2`, `User_team`.`BN3`, `User_team`.`BN4`, `User_team`.`BN5`, `User_team`.`BN6`, `User_team`.`IR1`, `User_team`.`IR2` FROM `User_team` WHERE `User_team`.`league_id` = 54; args=(54,); alias=default
DEBUG 2025-04-20 21:44:42,120 utils (0.020) SELECT `auth_user`.`id`, `auth_user`.`password`, `auth_user`.`last_login`, `auth_user`.`is_superuser`, `auth_user`.`username`, `auth_user`.`first_name`, `auth_user`.`last_name`, `auth_user`.`email`, `auth_user`.`is_staff`, `auth_user`.`is_active`, `auth_user`.`date_joined` FROM `auth_user` WHERE `auth_user`.`id` = 11 LIMIT 21; args=(11,); alias=default
DEBUG 2025-04-20 21:44:42,144 utils (0.022) SELECT `auth_user`.`id`, `auth_user`.`password`, `auth_user`.`last_login`, `auth_user`.`is_superuser`, `auth_user`.`username`, `auth_user`.`first_name`, `auth_user`.`last_name`, `auth_user`.`email`, `auth_user`.`is_staff`, `auth_user`.`is_active`, `auth_user`.`date_joined` FROM `auth_user` INNER JOIN `User_league_users` ON (`auth_user`.`id` = `User_league_users`.`user_id`) WHERE `User_league_users`.`league_id` = 55; args=(55,); alias=default
DEBUG 2025-04-20 21:44:42,170 utils (0.025) SELECT `User_team`.`id`, `User_team`.`title`, `User_team`.`author_id`, `User_team`.`league_id`, `User_team`.`rank`, `User_team`.`QB`, `User_team`.`RB1`, `User_team`.`RB2`, `User_team`.`WR1`, `User_team`.`WR2`, `User_team`.`TE`, `User_team`.`FLX`, `User_team`.`K`, `User_team`.`DEF`, `User_team`.`BN1`, `User_team`.`BN2`, `User_team`.`BN3`, `User_team`.`BN4`, `User_team`.`BN5`, `User_team`.`BN6`, `User_team`.`IR1`, `User_team`.`IR2` FROM `User_team` WHERE `User_team`.`league_id` = 55; args=(55,); alias=default
DEBUG 2025-04-20 21:44:42,192 utils (0.021) SELECT `auth_user`.`id`, `auth_user`.`password`, `auth_user`.`last_login`, `auth_user`.`is_superuser`, `auth_user`.`username`, `auth_user`.`first_name`, `auth_user`.`last_name`, `auth_user`.`email`, `auth_user`.`is_staff`, `auth_user`.`is_active`, `auth_user`.`date_joined` FROM `auth_user` WHERE `auth_user`.`id` = 11 LIMIT 21; args=(11,); alias=default
DEBUG 2025-04-20 21:44:42,218 utils (0.025) SELECT `auth_user`.`id`, `auth_user`.`password`, `auth_user`.`last_login`, `auth_user`.`is_superuser`, `auth_user`.`username`, `auth_user`.`first_name`, `auth_user`.`last_name`, `auth_user`.`email`, `auth_user`.`is_staff`, `auth_user`.`is_active`, `auth_user`.`date_joined` FROM `auth_user` INNER JOIN `User_league_users` ON (`auth_user`.`id` = `User_league_users`.`user_id`) WHERE `User_league_users`.`league_id` = 57; args=(57,); alias=default
DEBUG 2025-04-20 21:44:42,244 utils (0.024) SELECT `User_team`.`id`, `User_team`.`title`, `User_team`.`author_id`, `User_team`.`league_id`, `User_team`.`rank`, `User_team`.`QB`, `User_team`.`RB1`, `User_team`.`RB2`, `User_team`.`WR1`, `User_team`.`WR2`, `User_team`.`TE`, `User_team`.`FLX`, `User_team`.`K`, `User_team`.`DEF`, `User_team`.`BN1`, `User_team`.`BN2`, `User_team`.`BN3`, `User_team`.`BN4`, `User_team`.`BN5`, `User_team`.`BN6`, `User_team`.`IR1`, `User_team`.`IR2` FROM `User_team` WHERE `User_team`.`league_id` = 57; args=(57,); alias=default
DEBUG 2025-04-20 21:44:42,268 utils (0.023) SELECT `auth_user`.`id`, `auth_user`.`password`, `auth_user`.`last_login`, `auth_user`.`is_superuser`, `auth_user`.`username`, `auth_user`.`first_name`, `auth_user`.`last_name`, `auth_user`.`email`, `auth_user`.`is_staff`, `auth_user`.`is_active`, `auth_user`.`date_joined` FROM `auth_user` INNER JOIN `User_league_users` ON (`auth_user`.`id` = `User_league_users`.`user_id`) WHERE `User_league_users`.`league_id` = 73; args=(73,); alias=default
DEBUG 2025-04-20 21:44:42,292 utils (0.023) SELECT `User_team`.`id`, `User_team`.`title`, `User_team`.`author_id`, `User_team`.`league_id`, `User_team`.`rank`, `User_team`.`QB`, `User_team`.`RB1`, `User_team`.`RB2`, `User_team`.`WR1`, `User_team`.`WR2`, `User_team`.`TE`, `User_team`.`FLX`, `User_team`.`K`, `User_team`.`DEF`, `User_team`.`BN1`, `User_team`.`BN2`, `User_team`.`BN3`, `User_team`.`BN4`, `User_team`.`BN5`, `User_team`.`BN6`, `User_team`.`IR1`, `User_team`.`IR2` FROM `User_team` WHERE `User_team`.`league_id` = 73; args=(73,); alias=default
DEBUG 2025-04-20 21:44:42,316 utils (0.022) SELECT `auth_user`.`id`, `auth_user`.`password`, `auth_user`.`last_login`, `auth_user`.`is_superuser`, `auth_user`.`username`, `auth_user`.`first_name`, `auth_user`.`last_name`, `auth_user`.`email`, `auth_user`.`is_staff`, `auth_user`.`is_active`, `auth_user`.`date_joined` FROM `auth_user` INNER JOIN `User_league_users` ON (`auth_user`.`id` = `User_league_users`.`user_id`) WHERE `User_league_users`.`league_id` = 73; args=(73,); alias=default
DEBUG 2025-04-20 21:44:42,340 utils (0.023) SELECT `User_team`.`id`, `User_team`.`title`, `User_team`.`author_id`, `User_team`.`league_id`, `User_team`.`rank`, `User_team`.`QB`, `User_team`.`RB1`, `User_team`.`RB2`, `User_team`.`WR1`, `User_team`.`WR2`, `User_team`.`TE`, `User_team`.`FLX`, `User_team`.`K`, `User_team`.`DEF`, `User_team`.`BN1`, `User_team`.`BN2`, `User_team`.`BN3`, `User_team`.`BN4`, `User_team`.`BN5`, `User_team`.`BN6`, `User_team`.`IR1`, `User_team`.`IR2` FROM `User_team` WHERE `User_team`.`league_id` = 73; args=(73,); alias=default
DEBUG 2025-04-20 21:44:42,368 utils (0.027) SELECT `auth_user`.`id`, `auth_user`.`password`, `auth_user`.`last_login`, `auth_user`.`is_superuser`, `auth_user`.`username`, `auth_user`.`first_name`, `auth_user`.`last_name`, `auth_user`.`email`, `auth_user`.`is_staff`, `auth_user`.`is_active`, `auth_user`.`date_joined` FROM `auth_user` INNER JOIN `User_league_users` ON (`auth_user`.`id` = `User_league_users`.`user_id`) WHERE `User_league_users`.`league_id` = 81; args=(81,); alias=default
DEBUG 2025-04-20 21:44:42,392 utils (0.023) SELECT `User_team`.`id`, `User_team`.`title`, `User_team`.`author_id`, `User_team`.`league_id`, `User_team`.`rank`, `User_team`.`QB`, `User_team`.`RB1`, `User_team`.`RB2`, `User_team`.`WR1`, `User_team`.`WR2`, `User_team`.`TE`, `User_team`.`FLX`, `User_team`.`K`, `User_team`.`DEF`, `User_team`.`BN1`, `User_team`.`BN2`, `User_team`.`BN3`, `User_team`.`BN4`, `User_team`.`BN5`, `User_team`.`BN6`, `User_team`.`IR1`, `User_team`.`IR2` FROM `User_team` WHERE `User_team`.`league_id` = 81; args=(81,); alias=default
DEBUG 2025-04-20 21:44:42,422 utils (0.029) SELECT `auth_user`.`id`, `auth_user`.`password`, `auth_user`.`last_login`, `auth_user`.`is_superuser`, `auth_user`.`username`, `auth_user`.`first_name`, `auth_user`.`last_name`, `auth_user`.`email`, `auth_user`.`is_staff`, `auth_user`.`is_active`, `auth_user`.`date_joined` FROM `auth_user` INNER JOIN `User_league_users` ON (`auth_user`.`id` = `User_league_users`.`user_id`) WHERE `User_league_users`.`league_id` = 85; args=(85,); alias=default
DEBUG 2025-04-20 21:44:42,444 utils (0.021) SELECT `User_team`.`id`, `User_team`.`title`, `User_team`.`author_id`, `User_team`.`league_id`, `User_team`.`rank`, `User_team`.`QB`, `User_team`.`RB1`, `User_team`.`RB2`, `User_team`.`WR1`, `User_team`.`WR2`, `User_team`.`TE`, `User_team`.`FLX`, `User_team`.`K`, `User_team`.`DEF`, `User_team`.`BN1`, `User_team`.`BN2`, `User_team`.`BN3`, `User_team`.`BN4`, `User_team`.`BN5`, `User_team`.`BN6`, `User_team`.`IR1`, `User_team`.`IR2` FROM `User_team` WHERE `User_team`.`league_id` = 85; args=(85,); alias=default
DEBUG 2025-04-20 21:44:42,468 utils (0.022) SELECT `auth_user`.`id`, `auth_user`.`password`, `auth_user`.`last_login`, `auth_user`.`is_superuser`, `auth_user`.`username`, `auth_user`.`first_name`, `auth_user`.`last_name`, `auth_user`.`email`, `auth_user`.`is_staff`, `auth_user`.`is_active`, `auth_user`.`date_joined` FROM `auth_user` INNER JOIN `User_league_users` ON (`auth_user`.`id` = `User_league_users`.`user_id`) WHERE `User_league_users`.`league_id` = 90; args=(90,); alias=default
DEBUG 2025-04-20 21:44:42,492 utils (0.023) SELECT `User_team`.`id`, `User_team`.`title`, `User_team`.`author_id`, `User_team`.`league_id`, `User_team`.`rank`, `User_team`.`QB`, `User_team`.`RB1`, `User_team`.`RB2`, `User_team`.`WR1`, `User_team`.`WR2`, `User_team`.`TE`, `User_team`.`FLX`, `User_team`.`K`, `User_team`.`DEF`, `User_team`.`BN1`, `User_team`.`BN2`, `User_team`.`BN3`, `User_team`.`BN4`, `User_team`.`BN5`, `User_team`.`BN6`, `User_team`.`IR1`, `User_team`.`IR2` FROM `User_team` WHERE `User_team`.`league_id` = 90; args=(90,); alias=default
DEBUG 2025-04-20 21:44:42,524 utils (0.031) SELECT `auth_user`.`id`, `auth_user`.`password`, `auth_user`.`last_login`, `auth_user`.`is_superuser`, `auth_user`.`username`, `auth_user`.`first_name`, `auth_user`.`last_name`, `auth_user`.`email`, `auth_user`.`is_staff`, `auth_user`.`is_active`, `auth_user`.`date_joined` FROM `auth_user` INNER JOIN `User_league_users` ON (`auth_user`.`id` = `User_league_users`.`user_id`) WHERE `User_league_users`.`league_id` = 90; args=(90,); alias=default
DEBUG 2025-04-20 21:44:42,548 utils (0.023) SELECT `User_team`.`id`, `User_team`.`title`, `User_team`.`author_id`, `User_team`.`league_id`, `User_team`.`rank`, `User_team`.`QB`, `User_team`.`RB1`, `User_team`.`RB2`, `User_team`.`WR1`, `User_team`.`WR2`, `User_team`.`TE`, `User_team`.`FLX`, `User_team`.`K`, `User_team`.`DEF`, `User_team`.`BN1`, `User_team`.`BN2`, `User_team`.`BN3`, `User_team`.`BN4`, `User_team`.`BN5`, `User_team`.`BN6`, `User_team`.`IR1`, `User_team`.`IR2` FROM `User_team` WHERE `User_team`.`league_id` = 90; args=(90,); alias=default
DEBUG 2025-04-20 21:45:03,956 base Exception while resolving variable 'name' in template 'unknown'.
Traceback (most recent call last):
  File "E:\Shared_Parent_Directory\venv\Lib\site-packages\asgiref\sync.py", line 518, in thread_handler
    raise exc_info[1]
  File "E:\Shared_Parent_Directory\venv\Lib\site-packages\django\core\handlers\exception.py", line 42, in inner
    response = await get_response(request)
               ^^^^^^^^^^^^^^^^^^^^^^^^^^^
  File "E:\Shared_Parent_Directory\venv\Lib\site-packages\django\core\handlers\base.py", line 235, in _get_response_async
    callback, callback_args, callback_kwargs = self.resolve_request(request)
                                               ~~~~~~~~~~~~~~~~~~~~^^^^^^^^^
  File "E:\Shared_Parent_Directory\venv\Lib\site-packages\django\core\handlers\base.py", line 313, in resolve_request
    resolver_match = resolver.resolve(request.path_info)
  File "E:\Shared_Parent_Directory\venv\Lib\site-packages\django\urls\resolvers.py", line 705, in resolve
    raise Resolver404({"tried": tried, "path": new_path})
django.urls.exceptions.Resolver404: {'tried': [[<URLResolver <URLPattern list> (admin:admin) 'admin/'>], [<URLPattern 'allPlayers/'>], [<URLPattern 'api/topTenPlayers/' [name='top_ten_players']>], [<URLPattern 'playerInfo/<int:id>'>], [<URLPattern 'playerStats/<int:id>'>], [<URLPattern 'playerNews/<int:id>'>], [<URLPattern 'api/user/register/' [name='register']>], [<URLPattern 'api/search_player/' [name='search_player']>], [<URLPattern 'user/token' [name='get_token']>], [<URLPattern 'user/token/refresh' [name='refresh']>], [<URLResolver <module 'rest_framework.urls' from 'E:\\Shared_Parent_Directory\\venv\\Lib\\site-packages\\rest_framework\\urls.py'> (rest_framework:rest_framework) 'user-auth/'>], [<URLPattern 'search/' [name='search_player']>], [<URLPattern 'api/verifyToken/' [name='verify_token']>], [<URLPattern 'api/user/profile' [name='user-profile']>], [<URLPattern 'api/user/info/' [name='get_user_info']>], [<URLPattern 'api/user/update/' [name='update_user_info']>], [<URLPattern 'api/user/<int:user_id>/' [name='get_user_by_id']>], [<URLPattern 'api/users/search/' [name='search_users']>], [<URLPattern 'api/user/<int:user_id>/leagues/' [name='get_user_leagues']>], [<URLPattern 'api/user/<int:user_id>/eligible-leagues/' [name='get_eligible_leagues']>], [<URLPattern 'api/leagues/<int:league_id>/invite/<int:user_id>/' [name='invite_user_to_league']>], [<URLPattern 'api/leagues/<int:league_id>/invite-response/<str:user_response>/' [name='handle_invite_response']>], [<URLPattern 'api/leagues/league/<int:league_id>/start_draft/' [name='start_draft']>], [<URLPattern 'api/league/<int:league_id>/check_membership/' [name='check_membership']>], [<URLPattern 'api/league/<int:league_id>/check_draft_status/' [name='check_draft_status']>], [<URLPattern 'api/league/<int:league_id>/verify_current_pick_user/' [name='verify_current_pick_user']>], [<URLPattern 'api/leagues/<int:league_id>/update_settings/' [name='update-settings']>], [<URLPattern 'api/leagues/<int:league_id>/leave/' [name='leave-league']>], [<URLPattern 'api/leagues/<int:league_id>/delete/' [name='delete-league']>], [<URLPattern 'api/leagues/' [name='league-list-create']>], [<URLPattern 'api/leagues/<int:pk>/' [name='league-detail']>], [<URLPattern 'api/teams/' [name='team-list-create']>], [<URLPattern 'api/teams/<int:pk>/' [name='team-detail']>], [<URLPattern 'api/leagues/search/' [name='search_league']>], [<URLPattern 'api/leagues/create/' [name='create_league']>], [<URLPattern 'api/leagues/join/public/<int:league_id>/' [name='join-public-league']>], [<URLPattern 'api/leagues/join/private/' [name='join-private-league']>], [<URLPattern 'api/leagues/myleagues/' [name='my-leagues']>], [<URLPattern 'api/leagues/<int:LID>/user/'>], [<URLPattern 'api/leagues/<int:LID>/trade/'>], [<URLPattern 'api/leagues/myPlayers/'>], [<URLPattern 'api/leagues/members/'>], [<URLPattern 'api/leagues/allTeams/'>], [<URLPattern 'api/leagues/save-data/'>], [<URLPattern 'api/leagues/check_join_code/<str:join_code>/' [name='check-join-code']>], [<URLPattern 'api/notifications/' [name='get_notifications']>], [<URLPattern 'api/notifications/<int:notification_id>/read/' [name='mark_notification_as_read']>], [<URLPattern 'api/notifications/<int:notification_id>/delete/' [name='delete_notification']>], [<URLPattern 'api/notifications/<int:notification_id>/unread/' [name='mark_notification_as_unread']>], [<URLPattern 'api/matchup/<int:matchup_id>/' [name='get_matchup']>], [<URLPattern 'api/league/<int:league_id>/user-matchup/' [name='get_user_matchup']>]], 'path': 'api/leagues/90/user'}

During handling of the above exception, another exception occurred:

Traceback (most recent call last):
  File "E:\Shared_Parent_Directory\venv\Lib\site-packages\django\template\base.py", line 883, in _resolve_lookup
    current = current[bit]
              ~~~~~~~^^^^^
TypeError: 'URLResolver' object is not subscriptable

During handling of the above exception, another exception occurred:

Traceback (most recent call last):
  File "E:\Shared_Parent_Directory\venv\Lib\site-packages\django\template\base.py", line 893, in _resolve_lookup
    current = getattr(current, bit)
AttributeError: 'URLResolver' object has no attribute 'name'

During handling of the above exception, another exception occurred:

Traceback (most recent call last):
  File "E:\Shared_Parent_Directory\venv\Lib\site-packages\django\template\base.py", line 899, in _resolve_lookup
    current = current[int(bit)]
                      ~~~^^^^^
ValueError: invalid literal for int() with base 10: 'name'

During handling of the above exception, another exception occurred:

Traceback (most recent call last):
  File "E:\Shared_Parent_Directory\venv\Lib\site-packages\django\template\base.py", line 906, in _resolve_lookup
    raise VariableDoesNotExist(
    ^^^^^^^^^^^^^^^^^^^^^^^^^^^
    ...<2 lines>...
    )  # missing attribute
    ^
django.template.base.VariableDoesNotExist: Failed lookup for key [name] in <URLResolver <URLPattern list> (admin:admin) 'admin/'>
DEBUG 2025-04-20 21:45:03,992 base Exception while resolving variable 'name' in template 'unknown'.
Traceback (most recent call last):
  File "E:\Shared_Parent_Directory\venv\Lib\site-packages\asgiref\sync.py", line 518, in thread_handler
    raise exc_info[1]
  File "E:\Shared_Parent_Directory\venv\Lib\site-packages\django\core\handlers\exception.py", line 42, in inner
    response = await get_response(request)
               ^^^^^^^^^^^^^^^^^^^^^^^^^^^
  File "E:\Shared_Parent_Directory\venv\Lib\site-packages\django\core\handlers\base.py", line 235, in _get_response_async
    callback, callback_args, callback_kwargs = self.resolve_request(request)
                                               ~~~~~~~~~~~~~~~~~~~~^^^^^^^^^
  File "E:\Shared_Parent_Directory\venv\Lib\site-packages\django\core\handlers\base.py", line 313, in resolve_request
    resolver_match = resolver.resolve(request.path_info)
  File "E:\Shared_Parent_Directory\venv\Lib\site-packages\django\urls\resolvers.py", line 705, in resolve
    raise Resolver404({"tried": tried, "path": new_path})
django.urls.exceptions.Resolver404: {'tried': [[<URLResolver <URLPattern list> (admin:admin) 'admin/'>], [<URLPattern 'allPlayers/'>], [<URLPattern 'api/topTenPlayers/' [name='top_ten_players']>], [<URLPattern 'playerInfo/<int:id>'>], [<URLPattern 'playerStats/<int:id>'>], [<URLPattern 'playerNews/<int:id>'>], [<URLPattern 'api/user/register/' [name='register']>], [<URLPattern 'api/search_player/' [name='search_player']>], [<URLPattern 'user/token' [name='get_token']>], [<URLPattern 'user/token/refresh' [name='refresh']>], [<URLResolver <module 'rest_framework.urls' from 'E:\\Shared_Parent_Directory\\venv\\Lib\\site-packages\\rest_framework\\urls.py'> (rest_framework:rest_framework) 'user-auth/'>], [<URLPattern 'search/' [name='search_player']>], [<URLPattern 'api/verifyToken/' [name='verify_token']>], [<URLPattern 'api/user/profile' [name='user-profile']>], [<URLPattern 'api/user/info/' [name='get_user_info']>], [<URLPattern 'api/user/update/' [name='update_user_info']>], [<URLPattern 'api/user/<int:user_id>/' [name='get_user_by_id']>], [<URLPattern 'api/users/search/' [name='search_users']>], [<URLPattern 'api/user/<int:user_id>/leagues/' [name='get_user_leagues']>], [<URLPattern 'api/user/<int:user_id>/eligible-leagues/' [name='get_eligible_leagues']>], [<URLPattern 'api/leagues/<int:league_id>/invite/<int:user_id>/' [name='invite_user_to_league']>], [<URLPattern 'api/leagues/<int:league_id>/invite-response/<str:user_response>/' [name='handle_invite_response']>], [<URLPattern 'api/leagues/league/<int:league_id>/start_draft/' [name='start_draft']>], [<URLPattern 'api/league/<int:league_id>/check_membership/' [name='check_membership']>], [<URLPattern 'api/league/<int:league_id>/check_draft_status/' [name='check_draft_status']>], [<URLPattern 'api/league/<int:league_id>/verify_current_pick_user/' [name='verify_current_pick_user']>], [<URLPattern 'api/leagues/<int:league_id>/update_settings/' [name='update-settings']>], [<URLPattern 'api/leagues/<int:league_id>/leave/' [name='leave-league']>], [<URLPattern 'api/leagues/<int:league_id>/delete/' [name='delete-league']>], [<URLPattern 'api/leagues/' [name='league-list-create']>], [<URLPattern 'api/leagues/<int:pk>/' [name='league-detail']>], [<URLPattern 'api/teams/' [name='team-list-create']>], [<URLPattern 'api/teams/<int:pk>/' [name='team-detail']>], [<URLPattern 'api/leagues/search/' [name='search_league']>], [<URLPattern 'api/leagues/create/' [name='create_league']>], [<URLPattern 'api/leagues/join/public/<int:league_id>/' [name='join-public-league']>], [<URLPattern 'api/leagues/join/private/' [name='join-private-league']>], [<URLPattern 'api/leagues/myleagues/' [name='my-leagues']>], [<URLPattern 'api/leagues/<int:LID>/user/'>], [<URLPattern 'api/leagues/<int:LID>/trade/'>], [<URLPattern 'api/leagues/myPlayers/'>], [<URLPattern 'api/leagues/members/'>], [<URLPattern 'api/leagues/allTeams/'>], [<URLPattern 'api/leagues/save-data/'>], [<URLPattern 'api/leagues/check_join_code/<str:join_code>/' [name='check-join-code']>], [<URLPattern 'api/notifications/' [name='get_notifications']>], [<URLPattern 'api/notifications/<int:notification_id>/read/' [name='mark_notification_as_read']>], [<URLPattern 'api/notifications/<int:notification_id>/delete/' [name='delete_notification']>], [<URLPattern 'api/notifications/<int:notification_id>/unread/' [name='mark_notification_as_unread']>], [<URLPattern 'api/matchup/<int:matchup_id>/' [name='get_matchup']>], [<URLPattern 'api/league/<int:league_id>/user-matchup/' [name='get_user_matchup']>]], 'path': 'api/leagues/90/user'}

During handling of the above exception, another exception occurred:

Traceback (most recent call last):
  File "E:\Shared_Parent_Directory\venv\Lib\site-packages\django\template\base.py", line 883, in _resolve_lookup
    current = current[bit]
              ~~~~~~~^^^^^
TypeError: 'URLResolver' object is not subscriptable

During handling of the above exception, another exception occurred:

Traceback (most recent call last):
  File "E:\Shared_Parent_Directory\venv\Lib\site-packages\django\template\base.py", line 893, in _resolve_lookup
    current = getattr(current, bit)
AttributeError: 'URLResolver' object has no attribute 'name'

During handling of the above exception, another exception occurred:

Traceback (most recent call last):
  File "E:\Shared_Parent_Directory\venv\Lib\site-packages\django\template\base.py", line 899, in _resolve_lookup
    current = current[int(bit)]
                      ~~~^^^^^
ValueError: invalid literal for int() with base 10: 'name'

During handling of the above exception, another exception occurred:

Traceback (most recent call last):
  File "E:\Shared_Parent_Directory\venv\Lib\site-packages\django\template\base.py", line 906, in _resolve_lookup
    raise VariableDoesNotExist(
    ^^^^^^^^^^^^^^^^^^^^^^^^^^^
    ...<2 lines>...
    )  # missing attribute
    ^
django.template.base.VariableDoesNotExist: Failed lookup for key [name] in <URLResolver <module 'rest_framework.urls' from 'E:\\Shared_Parent_Directory\\venv\\Lib\\site-packages\\rest_framework\\urls.py'> (rest_framework:rest_framework) 'user-auth/'>
DEBUG 2025-04-20 21:45:04,149 utils (0.021) 
                SELECT VERSION(),
                       @@sql_mode,
                       @@default_storage_engine,
                       @@sql_auto_is_null,
                       @@lower_case_table_names,
                       CONVERT_TZ('2001-01-01 01:00:00', 'UTC', 'UTC') IS NOT NULL
            ; args=None; alias=default
DEBUG 2025-04-20 21:45:04,161 utils (0.026) 
                SELECT VERSION(),
                       @@sql_mode,
                       @@default_storage_engine,
                       @@sql_auto_is_null,
                       @@lower_case_table_names,
                       CONVERT_TZ('2001-01-01 01:00:00', 'UTC', 'UTC') IS NOT NULL
            ; args=None; alias=default
DEBUG 2025-04-20 21:45:04,168 utils (0.028) 
                SELECT VERSION(),
                       @@sql_mode,
                       @@default_storage_engine,
                       @@sql_auto_is_null,
                       @@lower_case_table_names,
                       CONVERT_TZ('2001-01-01 01:00:00', 'UTC', 'UTC') IS NOT NULL
            ; args=None; alias=default
DEBUG 2025-04-20 21:45:04,174 utils (0.024) SET SESSION TRANSACTION ISOLATION LEVEL READ COMMITTED; args=None; alias=default
DEBUG 2025-04-20 21:45:04,188 utils (0.027) SET SESSION TRANSACTION ISOLATION LEVEL READ COMMITTED; args=None; alias=default
DEBUG 2025-04-20 21:45:04,193 utils (0.024) SET SESSION TRANSACTION ISOLATION LEVEL READ COMMITTED; args=None; alias=default
DEBUG 2025-04-20 21:45:04,200 utils (0.026) SELECT `auth_user`.`id`, `auth_user`.`password`, `auth_user`.`last_login`, `auth_user`.`is_superuser`, `auth_user`.`username`, `auth_user`.`first_name`, `auth_user`.`last_name`, `auth_user`.`email`, `auth_user`.`is_staff`, `auth_user`.`is_active`, `auth_user`.`date_joined` FROM `auth_user` WHERE `auth_user`.`id` = 2 LIMIT 21; args=(2,); alias=default
DEBUG 2025-04-20 21:45:04,217 utils (0.029) SELECT `auth_user`.`id`, `auth_user`.`password`, `auth_user`.`last_login`, `auth_user`.`is_superuser`, `auth_user`.`username`, `auth_user`.`first_name`, `auth_user`.`last_name`, `auth_user`.`email`, `auth_user`.`is_staff`, `auth_user`.`is_active`, `auth_user`.`date_joined` FROM `auth_user` WHERE `auth_user`.`id` = 2 LIMIT 21; args=(2,); alias=default
DEBUG 2025-04-20 21:45:04,230 utils (0.037) SELECT `auth_user`.`id`, `auth_user`.`password`, `auth_user`.`last_login`, `auth_user`.`is_superuser`, `auth_user`.`username`, `auth_user`.`first_name`, `auth_user`.`last_name`, `auth_user`.`email`, `auth_user`.`is_staff`, `auth_user`.`is_active`, `auth_user`.`date_joined` FROM `auth_user` WHERE `auth_user`.`id` = 2 LIMIT 21; args=(2,); alias=default
DEBUG 2025-04-20 21:45:04,233 utils (0.031) SELECT `User_notification`.`id`, `User_notification`.`user_id`, `User_notification`.`message`, `User_notification`.`link`, `User_notification`.`is_read`, `User_notification`.`created_at` FROM `User_notification` WHERE `User_notification`.`user_id` = 2 ORDER BY `User_notification`.`created_at` DESC LIMIT 10; args=(2,); alias=default
DEBUG 2025-04-20 21:45:04,242 utils (0.033) 
                SELECT VERSION(),
                       @@sql_mode,
                       @@default_storage_engine,
                       @@sql_auto_is_null,
                       @@lower_case_table_names,
                       CONVERT_TZ('2001-01-01 01:00:00', 'UTC', 'UTC') IS NOT NULL
            ; args=None; alias=default
DEBUG 2025-04-20 21:45:04,250 utils (0.031) SELECT COUNT(*) AS `__count` FROM `all_players_player`; args=(); alias=default
DEBUG 2025-04-20 21:45:04,253 utils (0.022) SELECT `User_week`.`id`, `User_week`.`week` FROM `User_week` ORDER BY `User_week`.`week` DESC LIMIT 1; args=(); alias=default
DEBUG 2025-04-20 21:45:04,271 utils (0.028) SET SESSION TRANSACTION ISOLATION LEVEL READ COMMITTED; args=None; alias=default
DEBUG 2025-04-20 21:45:04,273 utils (0.023) SELECT `all_players_player`.`id`, `all_players_player`.`status`, `all_players_player`.`position`, `all_players_player`.`firstName`, `all_players_player`.`lastName`, `all_players_player`.`team`, `all_players_player`.`location`, `all_players_player`.`weight`, `all_players_player`.`displayHeight`, `all_players_player`.`age`, `all_players_player`.`experience`, `all_players_player`.`jersey`, `all_players_player`.`headshot`, `all_players_player`.`yearly_proj` FROM `all_players_player` LIMIT 10; args=(); alias=default
DEBUG 2025-04-20 21:45:04,281 utils (0.027) SELECT `User_team`.`id`, `User_team`.`title`, `User_team`.`author_id`, `User_team`.`league_id`, `User_team`.`rank`, `User_team`.`QB`, `User_team`.`RB1`, `User_team`.`RB2`, `User_team`.`WR1`, `User_team`.`WR2`, `User_team`.`TE`, `User_team`.`FLX`, `User_team`.`K`, `User_team`.`DEF`, `User_team`.`BN1`, `User_team`.`BN2`, `User_team`.`BN3`, `User_team`.`BN4`, `User_team`.`BN5`, `User_team`.`BN6`, `User_team`.`IR1`, `User_team`.`IR2` FROM `User_team` WHERE (`User_team`.`author_id` = 2 AND `User_team`.`league_id` = 90) LIMIT 21; args=(2, 90); alias=default
DEBUG 2025-04-20 21:45:04,301 utils (0.030) SELECT `auth_user`.`id`, `auth_user`.`password`, `auth_user`.`last_login`, `auth_user`.`is_superuser`, `auth_user`.`username`, `auth_user`.`first_name`, `auth_user`.`last_name`, `auth_user`.`email`, `auth_user`.`is_staff`, `auth_user`.`is_active`, `auth_user`.`date_joined` FROM `auth_user` WHERE `auth_user`.`id` = 2 LIMIT 21; args=(2,); alias=default
DEBUG 2025-04-20 21:45:04,313 utils (0.031) SELECT `auth_user`.`id`, `auth_user`.`password`, `auth_user`.`last_login`, `auth_user`.`is_superuser`, `auth_user`.`username`, `auth_user`.`first_name`, `auth_user`.`last_name`, `auth_user`.`email`, `auth_user`.`is_staff`, `auth_user`.`is_active`, `auth_user`.`date_joined` FROM `auth_user` WHERE `auth_user`.`id` = 2 LIMIT 21; args=(2,); alias=default
DEBUG 2025-04-20 21:45:04,333 utils (0.031) SELECT `User_league`.`id`, `User_league`.`name`, `User_league`.`owner_id`, `User_league`.`draft_date`, `User_league`.`time_per_pick`, `User_league`.`positional_betting`, `User_league`.`max_capacity`, `User_league`.`private`, `User_league`.`join_code`, `User_league`.`draftStarted`, `User_league`.`draftComplete` FROM `User_league` WHERE `User_league`.`id` = 90 LIMIT 21; args=(90,); alias=default
WARNING 2025-04-20 21:45:04,340 log Bad Request: /api/league/90/user-matchup/
DEBUG 2025-04-20 21:45:04,362 utils (0.023) SELECT `auth_user`.`id`, `auth_user`.`password`, `auth_user`.`last_login`, `auth_user`.`is_superuser`, `auth_user`.`username`, `auth_user`.`first_name`, `auth_user`.`last_name`, `auth_user`.`email`, `auth_user`.`is_staff`, `auth_user`.`is_active`, `auth_user`.`date_joined` FROM `auth_user` WHERE `auth_user`.`id` = 2 LIMIT 21; args=(2,); alias=default
DEBUG 2025-04-20 21:45:04,386 utils (0.023) SELECT `User_team`.`id`, `User_team`.`title`, `User_team`.`author_id`, `User_team`.`league_id`, `User_team`.`rank`, `User_team`.`QB`, `User_team`.`RB1`, `User_team`.`RB2`, `User_team`.`WR1`, `User_team`.`WR2`, `User_team`.`TE`, `User_team`.`FLX`, `User_team`.`K`, `User_team`.`DEF`, `User_team`.`BN1`, `User_team`.`BN2`, `User_team`.`BN3`, `User_team`.`BN4`, `User_team`.`BN5`, `User_team`.`BN6`, `User_team`.`IR1`, `User_team`.`IR2` FROM `User_team` WHERE (`User_team`.`author_id` = 2 AND `User_team`.`league_id` = 90) LIMIT 21; args=(2, 90); alias=default
DEBUG 2025-04-20 21:45:04,410 utils (0.022) SELECT `auth_user`.`id`, `auth_user`.`password`, `auth_user`.`last_login`, `auth_user`.`is_superuser`, `auth_user`.`username`, `auth_user`.`first_name`, `auth_user`.`last_name`, `auth_user`.`email`, `auth_user`.`is_staff`, `auth_user`.`is_active`, `auth_user`.`date_joined` FROM `auth_user` WHERE `auth_user`.`id` = 2 LIMIT 21; args=(2,); alias=default
DEBUG 2025-04-20 21:45:04,433 utils (0.022) SELECT `User_league`.`id`, `User_league`.`name`, `User_league`.`owner_id`, `User_league`.`draft_date`, `User_league`.`time_per_pick`, `User_league`.`positional_betting`, `User_league`.`max_capacity`, `User_league`.`private`, `User_league`.`join_code`, `User_league`.`draftStarted`, `User_league`.`draftComplete` FROM `User_league` WHERE `User_league`.`id` = 90 LIMIT 21; args=(90,); alias=default
DEBUG 2025-04-20 21:45:04,461 utils (0.022) SELECT `auth_user`.`id`, `auth_user`.`password`, `auth_user`.`last_login`, `auth_user`.`is_superuser`, `auth_user`.`username`, `auth_user`.`first_name`, `auth_user`.`last_name`, `auth_user`.`email`, `auth_user`.`is_staff`, `auth_user`.`is_active`, `auth_user`.`date_joined` FROM `auth_user` WHERE `auth_user`.`id` = 2 LIMIT 21; args=(2,); alias=default
DEBUG 2025-04-20 21:45:04,484 utils (0.022) SELECT `auth_user`.`id`, `auth_user`.`password`, `auth_user`.`last_login`, `auth_user`.`is_superuser`, `auth_user`.`username`, `auth_user`.`first_name`, `auth_user`.`last_name`, `auth_user`.`email`, `auth_user`.`is_staff`, `auth_user`.`is_active`, `auth_user`.`date_joined` FROM `auth_user` INNER JOIN `User_league_users` ON (`auth_user`.`id` = `User_league_users`.`user_id`) WHERE `User_league_users`.`league_id` = 90; args=(90,); alias=default
DEBUG 2025-04-20 21:45:04,509 utils (0.023) SELECT `User_team`.`id`, `User_team`.`title`, `User_team`.`author_id`, `User_team`.`league_id`, `User_team`.`rank`, `User_team`.`QB`, `User_team`.`RB1`, `User_team`.`RB2`, `User_team`.`WR1`, `User_team`.`WR2`, `User_team`.`TE`, `User_team`.`FLX`, `User_team`.`K`, `User_team`.`DEF`, `User_team`.`BN1`, `User_team`.`BN2`, `User_team`.`BN3`, `User_team`.`BN4`, `User_team`.`BN5`, `User_team`.`BN6`, `User_team`.`IR1`, `User_team`.`IR2` FROM `User_team` WHERE `User_team`.`league_id` = 90; args=(90,); alias=default
DEBUG 2025-04-20 21:45:04,521 base Exception while resolving variable 'name' in template 'unknown'.
Traceback (most recent call last):
  File "E:\Shared_Parent_Directory\venv\Lib\site-packages\asgiref\sync.py", line 518, in thread_handler
    raise exc_info[1]
  File "E:\Shared_Parent_Directory\venv\Lib\site-packages\django\core\handlers\exception.py", line 42, in inner
    response = await get_response(request)
               ^^^^^^^^^^^^^^^^^^^^^^^^^^^
  File "E:\Shared_Parent_Directory\venv\Lib\site-packages\django\core\handlers\base.py", line 235, in _get_response_async
    callback, callback_args, callback_kwargs = self.resolve_request(request)
                                               ~~~~~~~~~~~~~~~~~~~~^^^^^^^^^
  File "E:\Shared_Parent_Directory\venv\Lib\site-packages\django\core\handlers\base.py", line 313, in resolve_request
    resolver_match = resolver.resolve(request.path_info)
  File "E:\Shared_Parent_Directory\venv\Lib\site-packages\django\urls\resolvers.py", line 705, in resolve
    raise Resolver404({"tried": tried, "path": new_path})
django.urls.exceptions.Resolver404: {'tried': [[<URLResolver <URLPattern list> (admin:admin) 'admin/'>], [<URLPattern 'allPlayers/'>], [<URLPattern 'api/topTenPlayers/' [name='top_ten_players']>], [<URLPattern 'playerInfo/<int:id>'>], [<URLPattern 'playerStats/<int:id>'>], [<URLPattern 'playerNews/<int:id>'>], [<URLPattern 'api/user/register/' [name='register']>], [<URLPattern 'api/search_player/' [name='search_player']>], [<URLPattern 'user/token' [name='get_token']>], [<URLPattern 'user/token/refresh' [name='refresh']>], [<URLResolver <module 'rest_framework.urls' from 'E:\\Shared_Parent_Directory\\venv\\Lib\\site-packages\\rest_framework\\urls.py'> (rest_framework:rest_framework) 'user-auth/'>], [<URLPattern 'search/' [name='search_player']>], [<URLPattern 'api/verifyToken/' [name='verify_token']>], [<URLPattern 'api/user/profile' [name='user-profile']>], [<URLPattern 'api/user/info/' [name='get_user_info']>], [<URLPattern 'api/user/update/' [name='update_user_info']>], [<URLPattern 'api/user/<int:user_id>/' [name='get_user_by_id']>], [<URLPattern 'api/users/search/' [name='search_users']>], [<URLPattern 'api/user/<int:user_id>/leagues/' [name='get_user_leagues']>], [<URLPattern 'api/user/<int:user_id>/eligible-leagues/' [name='get_eligible_leagues']>], [<URLPattern 'api/leagues/<int:league_id>/invite/<int:user_id>/' [name='invite_user_to_league']>], [<URLPattern 'api/leagues/<int:league_id>/invite-response/<str:user_response>/' [name='handle_invite_response']>], [<URLPattern 'api/leagues/league/<int:league_id>/start_draft/' [name='start_draft']>], [<URLPattern 'api/league/<int:league_id>/check_membership/' [name='check_membership']>], [<URLPattern 'api/league/<int:league_id>/check_draft_status/' [name='check_draft_status']>], [<URLPattern 'api/league/<int:league_id>/verify_current_pick_user/' [name='verify_current_pick_user']>], [<URLPattern 'api/leagues/<int:league_id>/update_settings/' [name='update-settings']>], [<URLPattern 'api/leagues/<int:league_id>/leave/' [name='leave-league']>], [<URLPattern 'api/leagues/<int:league_id>/delete/' [name='delete-league']>], [<URLPattern 'api/leagues/' [name='league-list-create']>], [<URLPattern 'api/leagues/<int:pk>/' [name='league-detail']>], [<URLPattern 'api/teams/' [name='team-list-create']>], [<URLPattern 'api/teams/<int:pk>/' [name='team-detail']>], [<URLPattern 'api/leagues/search/' [name='search_league']>], [<URLPattern 'api/leagues/create/' [name='create_league']>], [<URLPattern 'api/leagues/join/public/<int:league_id>/' [name='join-public-league']>], [<URLPattern 'api/leagues/join/private/' [name='join-private-league']>], [<URLPattern 'api/leagues/myleagues/' [name='my-leagues']>], [<URLPattern 'api/leagues/<int:LID>/user/'>], [<URLPattern 'api/leagues/<int:LID>/trade/'>], [<URLPattern 'api/leagues/myPlayers/'>], [<URLPattern 'api/leagues/members/'>], [<URLPattern 'api/leagues/allTeams/'>], [<URLPattern 'api/leagues/save-data/'>], [<URLPattern 'api/leagues/check_join_code/<str:join_code>/' [name='check-join-code']>], [<URLPattern 'api/notifications/' [name='get_notifications']>], [<URLPattern 'api/notifications/<int:notification_id>/read/' [name='mark_notification_as_read']>], [<URLPattern 'api/notifications/<int:notification_id>/delete/' [name='delete_notification']>], [<URLPattern 'api/notifications/<int:notification_id>/unread/' [name='mark_notification_as_unread']>], [<URLPattern 'api/matchup/<int:matchup_id>/' [name='get_matchup']>], [<URLPattern 'api/league/<int:league_id>/user-matchup/' [name='get_user_matchup']>]], 'path': 'api/leagues/myPlayers'}

During handling of the above exception, another exception occurred:

Traceback (most recent call last):
  File "E:\Shared_Parent_Directory\venv\Lib\site-packages\django\template\base.py", line 883, in _resolve_lookup
    current = current[bit]
              ~~~~~~~^^^^^
TypeError: 'URLResolver' object is not subscriptable

During handling of the above exception, another exception occurred:

Traceback (most recent call last):
  File "E:\Shared_Parent_Directory\venv\Lib\site-packages\django\template\base.py", line 893, in _resolve_lookup
    current = getattr(current, bit)
AttributeError: 'URLResolver' object has no attribute 'name'

During handling of the above exception, another exception occurred:

Traceback (most recent call last):
  File "E:\Shared_Parent_Directory\venv\Lib\site-packages\django\template\base.py", line 899, in _resolve_lookup
    current = current[int(bit)]
                      ~~~^^^^^
ValueError: invalid literal for int() with base 10: 'name'

During handling of the above exception, another exception occurred:

Traceback (most recent call last):
  File "E:\Shared_Parent_Directory\venv\Lib\site-packages\django\template\base.py", line 906, in _resolve_lookup
    raise VariableDoesNotExist(
    ^^^^^^^^^^^^^^^^^^^^^^^^^^^
    ...<2 lines>...
    )  # missing attribute
    ^
django.template.base.VariableDoesNotExist: Failed lookup for key [name] in <URLResolver <URLPattern list> (admin:admin) 'admin/'>
DEBUG 2025-04-20 21:45:04,528 base Exception while resolving variable 'name' in template 'unknown'.
Traceback (most recent call last):
  File "E:\Shared_Parent_Directory\venv\Lib\site-packages\asgiref\sync.py", line 518, in thread_handler
    raise exc_info[1]
  File "E:\Shared_Parent_Directory\venv\Lib\site-packages\django\core\handlers\exception.py", line 42, in inner
    response = await get_response(request)
               ^^^^^^^^^^^^^^^^^^^^^^^^^^^
  File "E:\Shared_Parent_Directory\venv\Lib\site-packages\django\core\handlers\base.py", line 235, in _get_response_async
    callback, callback_args, callback_kwargs = self.resolve_request(request)
                                               ~~~~~~~~~~~~~~~~~~~~^^^^^^^^^
  File "E:\Shared_Parent_Directory\venv\Lib\site-packages\django\core\handlers\base.py", line 313, in resolve_request
    resolver_match = resolver.resolve(request.path_info)
  File "E:\Shared_Parent_Directory\venv\Lib\site-packages\django\urls\resolvers.py", line 705, in resolve
    raise Resolver404({"tried": tried, "path": new_path})
django.urls.exceptions.Resolver404: {'tried': [[<URLResolver <URLPattern list> (admin:admin) 'admin/'>], [<URLPattern 'allPlayers/'>], [<URLPattern 'api/topTenPlayers/' [name='top_ten_players']>], [<URLPattern 'playerInfo/<int:id>'>], [<URLPattern 'playerStats/<int:id>'>], [<URLPattern 'playerNews/<int:id>'>], [<URLPattern 'api/user/register/' [name='register']>], [<URLPattern 'api/search_player/' [name='search_player']>], [<URLPattern 'user/token' [name='get_token']>], [<URLPattern 'user/token/refresh' [name='refresh']>], [<URLResolver <module 'rest_framework.urls' from 'E:\\Shared_Parent_Directory\\venv\\Lib\\site-packages\\rest_framework\\urls.py'> (rest_framework:rest_framework) 'user-auth/'>], [<URLPattern 'search/' [name='search_player']>], [<URLPattern 'api/verifyToken/' [name='verify_token']>], [<URLPattern 'api/user/profile' [name='user-profile']>], [<URLPattern 'api/user/info/' [name='get_user_info']>], [<URLPattern 'api/user/update/' [name='update_user_info']>], [<URLPattern 'api/user/<int:user_id>/' [name='get_user_by_id']>], [<URLPattern 'api/users/search/' [name='search_users']>], [<URLPattern 'api/user/<int:user_id>/leagues/' [name='get_user_leagues']>], [<URLPattern 'api/user/<int:user_id>/eligible-leagues/' [name='get_eligible_leagues']>], [<URLPattern 'api/leagues/<int:league_id>/invite/<int:user_id>/' [name='invite_user_to_league']>], [<URLPattern 'api/leagues/<int:league_id>/invite-response/<str:user_response>/' [name='handle_invite_response']>], [<URLPattern 'api/leagues/league/<int:league_id>/start_draft/' [name='start_draft']>], [<URLPattern 'api/league/<int:league_id>/check_membership/' [name='check_membership']>], [<URLPattern 'api/league/<int:league_id>/check_draft_status/' [name='check_draft_status']>], [<URLPattern 'api/league/<int:league_id>/verify_current_pick_user/' [name='verify_current_pick_user']>], [<URLPattern 'api/leagues/<int:league_id>/update_settings/' [name='update-settings']>], [<URLPattern 'api/leagues/<int:league_id>/leave/' [name='leave-league']>], [<URLPattern 'api/leagues/<int:league_id>/delete/' [name='delete-league']>], [<URLPattern 'api/leagues/' [name='league-list-create']>], [<URLPattern 'api/leagues/<int:pk>/' [name='league-detail']>], [<URLPattern 'api/teams/' [name='team-list-create']>], [<URLPattern 'api/teams/<int:pk>/' [name='team-detail']>], [<URLPattern 'api/leagues/search/' [name='search_league']>], [<URLPattern 'api/leagues/create/' [name='create_league']>], [<URLPattern 'api/leagues/join/public/<int:league_id>/' [name='join-public-league']>], [<URLPattern 'api/leagues/join/private/' [name='join-private-league']>], [<URLPattern 'api/leagues/myleagues/' [name='my-leagues']>], [<URLPattern 'api/leagues/<int:LID>/user/'>], [<URLPattern 'api/leagues/<int:LID>/trade/'>], [<URLPattern 'api/leagues/myPlayers/'>], [<URLPattern 'api/leagues/members/'>], [<URLPattern 'api/leagues/allTeams/'>], [<URLPattern 'api/leagues/save-data/'>], [<URLPattern 'api/leagues/check_join_code/<str:join_code>/' [name='check-join-code']>], [<URLPattern 'api/notifications/' [name='get_notifications']>], [<URLPattern 'api/notifications/<int:notification_id>/read/' [name='mark_notification_as_read']>], [<URLPattern 'api/notifications/<int:notification_id>/delete/' [name='delete_notification']>], [<URLPattern 'api/notifications/<int:notification_id>/unread/' [name='mark_notification_as_unread']>], [<URLPattern 'api/matchup/<int:matchup_id>/' [name='get_matchup']>], [<URLPattern 'api/league/<int:league_id>/user-matchup/' [name='get_user_matchup']>]], 'path': 'api/leagues/myPlayers'}

During handling of the above exception, another exception occurred:

Traceback (most recent call last):
  File "E:\Shared_Parent_Directory\venv\Lib\site-packages\django\template\base.py", line 883, in _resolve_lookup
    current = current[bit]
              ~~~~~~~^^^^^
TypeError: 'URLResolver' object is not subscriptable

During handling of the above exception, another exception occurred:

Traceback (most recent call last):
  File "E:\Shared_Parent_Directory\venv\Lib\site-packages\django\template\base.py", line 893, in _resolve_lookup
    current = getattr(current, bit)
AttributeError: 'URLResolver' object has no attribute 'name'

During handling of the above exception, another exception occurred:

Traceback (most recent call last):
  File "E:\Shared_Parent_Directory\venv\Lib\site-packages\django\template\base.py", line 899, in _resolve_lookup
    current = current[int(bit)]
                      ~~~^^^^^
ValueError: invalid literal for int() with base 10: 'name'

During handling of the above exception, another exception occurred:

Traceback (most recent call last):
  File "E:\Shared_Parent_Directory\venv\Lib\site-packages\django\template\base.py", line 906, in _resolve_lookup
    raise VariableDoesNotExist(
    ^^^^^^^^^^^^^^^^^^^^^^^^^^^
    ...<2 lines>...
    )  # missing attribute
    ^
django.template.base.VariableDoesNotExist: Failed lookup for key [name] in <URLResolver <module 'rest_framework.urls' from 'E:\\Shared_Parent_Directory\\venv\\Lib\\site-packages\\rest_framework\\urls.py'> (rest_framework:rest_framework) 'user-auth/'>
DEBUG 2025-04-20 21:45:04,680 utils (0.021) 
                SELECT VERSION(),
                       @@sql_mode,
                       @@default_storage_engine,
                       @@sql_auto_is_null,
                       @@lower_case_table_names,
                       CONVERT_TZ('2001-01-01 01:00:00', 'UTC', 'UTC') IS NOT NULL
            ; args=None; alias=default
DEBUG 2025-04-20 21:45:04,704 utils (0.023) SET SESSION TRANSACTION ISOLATION LEVEL READ COMMITTED; args=None; alias=default
DEBUG 2025-04-20 21:45:04,712 utils (0.021) 
                SELECT VERSION(),
                       @@sql_mode,
                       @@default_storage_engine,
                       @@sql_auto_is_null,
                       @@lower_case_table_names,
                       CONVERT_TZ('2001-01-01 01:00:00', 'UTC', 'UTC') IS NOT NULL
            ; args=None; alias=default
DEBUG 2025-04-20 21:45:04,728 utils (0.024) SELECT `auth_user`.`id`, `auth_user`.`password`, `auth_user`.`last_login`, `auth_user`.`is_superuser`, `auth_user`.`username`, `auth_user`.`first_name`, `auth_user`.`last_name`, `auth_user`.`email`, `auth_user`.`is_staff`, `auth_user`.`is_active`, `auth_user`.`date_joined` FROM `auth_user` WHERE `auth_user`.`id` = 2 LIMIT 21; args=(2,); alias=default
DEBUG 2025-04-20 21:45:04,738 utils (0.025) SET SESSION TRANSACTION ISOLATION LEVEL READ COMMITTED; args=None; alias=default
DEBUG 2025-04-20 21:45:04,754 utils (0.025) SELECT `User_team`.`id`, `User_team`.`title`, `User_team`.`author_id`, `User_team`.`league_id`, `User_team`.`rank`, `User_team`.`QB`, `User_team`.`RB1`, `User_team`.`RB2`, `User_team`.`WR1`, `User_team`.`WR2`, `User_team`.`TE`, `User_team`.`FLX`, `User_team`.`K`, `User_team`.`DEF`, `User_team`.`BN1`, `User_team`.`BN2`, `User_team`.`BN3`, `User_team`.`BN4`, `User_team`.`BN5`, `User_team`.`BN6`, `User_team`.`IR1`, `User_team`.`IR2` FROM `User_team` WHERE (`User_team`.`author_id` = 2 AND `User_team`.`id` = 40) LIMIT 21; args=(2, 40); alias=default
DEBUG 2025-04-20 21:45:04,760 utils (0.022) SELECT `auth_user`.`id`, `auth_user`.`password`, `auth_user`.`last_login`, `auth_user`.`is_superuser`, `auth_user`.`username`, `auth_user`.`first_name`, `auth_user`.`last_name`, `auth_user`.`email`, `auth_user`.`is_staff`, `auth_user`.`is_active`, `auth_user`.`date_joined` FROM `auth_user` WHERE `auth_user`.`id` = 2 LIMIT 21; args=(2,); alias=default
DEBUG 2025-04-20 21:45:04,778 utils (0.022) UPDATE `User_team` SET `title` = 'N/A', `author_id` = 2, `league_id` = 90, `rank` = 0, `QB` = 'N/A', `RB1` = 'N/A', `RB2` = 'N/A', `WR1` = '3134353', `WR2` = 'N/A', `TE` = 'N/A', `FLX` = '4360405', `K` = 'N/A', `DEF` = 'N/A', `BN1` = '4689936', `BN2` = 'N/A', `BN3` = 'N/A', `BN4` = 'N/A', `BN5` = 'N/A', `BN6` = 'N/A', `IR1` = 'N/A', `IR2` = 'N/A' WHERE `User_team`.`id` = 40; args=('N/A', 2, 90, 0, 'N/A', 'N/A', 'N/A', '3134353', 'N/A', 'N/A', '4360405', 'N/A', 'N/A', '4689936', 'N/A', 'N/A', 'N/A', 'N/A', 'N/A', 'N/A', 'N/A', 40); alias=default
DEBUG 2025-04-20 21:45:04,788 utils (0.027) SELECT `all_players_player`.`id`, `all_players_player`.`status`, `all_players_player`.`position`, `all_players_player`.`firstName`, `all_players_player`.`lastName`, `all_players_player`.`team`, `all_players_player`.`location`, `all_players_player`.`weight`, `all_players_player`.`displayHeight`, `all_players_player`.`age`, `all_players_player`.`experience`, `all_players_player`.`jersey`, `all_players_player`.`headshot`, `all_players_player`.`yearly_proj` FROM `all_players_player` WHERE `all_players_player`.`id` = '3134353' LIMIT 21; args=('3134353',); alias=default
DEBUG 2025-04-20 21:45:04,800 utils (0.022) SELECT `auth_user`.`id`, `auth_user`.`password`, `auth_user`.`last_login`, `auth_user`.`is_superuser`, `auth_user`.`username`, `auth_user`.`first_name`, `auth_user`.`last_name`, `auth_user`.`email`, `auth_user`.`is_staff`, `auth_user`.`is_active`, `auth_user`.`date_joined` FROM `auth_user` WHERE `auth_user`.`id` = 2 LIMIT 21; args=(2,); alias=default
DEBUG 2025-04-20 21:45:04,819 utils (0.030) SELECT `all_players_player_stats`.`id`, `all_players_player_stats`.`player_id`, `all_players_player_stats`.`game_id`, `all_players_player_stats`.`firstName`, `all_players_player_stats`.`lastName`, `all_players_player_stats`.`week`, `all_players_player_stats`.`pass_att`, `all_players_player_stats`.`completions`, `all_players_player_stats`.`completions_perc`, `all_players_player_stats`.`pass_yards`, `all_players_player_stats`.`avg_pass_yards_completions`, `all_players_player_stats`.`pass_tds`, `all_players_player_stats`.`ints`, `all_players_player_stats`.`sacks`, `all_players_player_stats`.`catches`, `all_players_player_stats`.`targets`, `all_players_player_stats`.`avg_receiving_yards_perCatch`, `all_players_player_stats`.`receiving_yards`, `all_players_player_stats`.`receiving_tds`, `all_players_player_stats`.`carrys`, `all_players_player_stats`.`rush_yards`, `all_players_player_stats`.`avg_rush_yards_perCarry`, `all_players_player_stats`.`rush_tds`, `all_players_player_stats`.`fumbles`, `all_players_player_stats`.`return_td`, `all_players_player_stats`.`two_pt_made`, `all_players_player_stats`.`kick_1_19`, `all_players_player_stats`.`kick_20_29`, `all_players_player_stats`.`kick_30_39`, `all_players_player_stats`.`kick_40_49`, `all_players_player_stats`.`kick_50`, `all_players_player_stats`.`fg_perc`, `all_players_player_stats`.`fg_attempts`, `all_players_player_stats`.`fg_made`, `all_players_player_stats`.`extra_points_made`, `all_players_player_stats`.`extra_points_attempts`, `all_players_player_stats`.`proj_fantasy`, `all_players_player_stats`.`total_fantasy_points` FROM `all_players_player_stats` WHERE (`all_players_player_stats`.`player_id` = '3134353' AND `all_players_player_stats`.`week` = 1) LIMIT 21; args=('3134353', 1); alias=default
DEBUG 2025-04-20 21:45:04,830 utils (0.028) SELECT `User_league`.`id`, `User_league`.`name`, `User_league`.`owner_id`, `User_league`.`draft_date`, `User_league`.`time_per_pick`, `User_league`.`positional_betting`, `User_league`.`max_capacity`, `User_league`.`private`, `User_league`.`join_code`, `User_league`.`draftStarted`, `User_league`.`draftComplete` FROM `User_league` WHERE `User_league`.`id` = 90 LIMIT 21; args=(90,); alias=default
DEBUG 2025-04-20 21:45:04,845 utils (0.024) SELECT `all_players_player`.`id`, `all_players_player`.`status`, `all_players_player`.`position`, `all_players_player`.`firstName`, `all_players_player`.`lastName`, `all_players_player`.`team`, `all_players_player`.`location`, `all_players_player`.`weight`, `all_players_player`.`displayHeight`, `all_players_player`.`age`, `all_players_player`.`experience`, `all_players_player`.`jersey`, `all_players_player`.`headshot`, `all_players_player`.`yearly_proj` FROM `all_players_player` WHERE `all_players_player`.`id` = '4360405' LIMIT 21; args=('4360405',); alias=default
DEBUG 2025-04-20 21:45:04,854 utils (0.023) SELECT `auth_user`.`id`, `auth_user`.`password`, `auth_user`.`last_login`, `auth_user`.`is_superuser`, `auth_user`.`username`, `auth_user`.`first_name`, `auth_user`.`last_name`, `auth_user`.`email`, `auth_user`.`is_staff`, `auth_user`.`is_active`, `auth_user`.`date_joined` FROM `auth_user` WHERE `auth_user`.`id` = 2 LIMIT 21; args=(2,); alias=default
DEBUG 2025-04-20 21:45:04,873 utils (0.027) SELECT `all_players_player_stats`.`id`, `all_players_player_stats`.`player_id`, `all_players_player_stats`.`game_id`, `all_players_player_stats`.`firstName`, `all_players_player_stats`.`lastName`, `all_players_player_stats`.`week`, `all_players_player_stats`.`pass_att`, `all_players_player_stats`.`completions`, `all_players_player_stats`.`completions_perc`, `all_players_player_stats`.`pass_yards`, `all_players_player_stats`.`avg_pass_yards_completions`, `all_players_player_stats`.`pass_tds`, `all_players_player_stats`.`ints`, `all_players_player_stats`.`sacks`, `all_players_player_stats`.`catches`, `all_players_player_stats`.`targets`, `all_players_player_stats`.`avg_receiving_yards_perCatch`, `all_players_player_stats`.`receiving_yards`, `all_players_player_stats`.`receiving_tds`, `all_players_player_stats`.`carrys`, `all_players_player_stats`.`rush_yards`, `all_players_player_stats`.`avg_rush_yards_perCarry`, `all_players_player_stats`.`rush_tds`, `all_players_player_stats`.`fumbles`, `all_players_player_stats`.`return_td`, `all_players_player_stats`.`two_pt_made`, `all_players_player_stats`.`kick_1_19`, `all_players_player_stats`.`kick_20_29`, `all_players_player_stats`.`kick_30_39`, `all_players_player_stats`.`kick_40_49`, `all_players_player_stats`.`kick_50`, `all_players_player_stats`.`fg_perc`, `all_players_player_stats`.`fg_attempts`, `all_players_player_stats`.`fg_made`, `all_players_player_stats`.`extra_points_made`, `all_players_player_stats`.`extra_points_attempts`, `all_players_player_stats`.`proj_fantasy`, `all_players_player_stats`.`total_fantasy_points` FROM `all_players_player_stats` WHERE (`all_players_player_stats`.`player_id` = '4360405' AND `all_players_player_stats`.`week` = 1) LIMIT 21; args=('4360405', 1); alias=default
DEBUG 2025-04-20 21:45:04,878 utils (0.023) SELECT `auth_user`.`id`, `auth_user`.`password`, `auth_user`.`last_login`, `auth_user`.`is_superuser`, `auth_user`.`username`, `auth_user`.`first_name`, `auth_user`.`last_name`, `auth_user`.`email`, `auth_user`.`is_staff`, `auth_user`.`is_active`, `auth_user`.`date_joined` FROM `auth_user` INNER JOIN `User_league_users` ON (`auth_user`.`id` = `User_league_users`.`user_id`) WHERE `User_league_users`.`league_id` = 90; args=(90,); alias=default
DEBUG 2025-04-20 21:45:04,900 utils (0.025) SELECT `all_players_player`.`id`, `all_players_player`.`status`, `all_players_player`.`position`, `all_players_player`.`firstName`, `all_players_player`.`lastName`, `all_players_player`.`team`, `all_players_player`.`location`, `all_players_player`.`weight`, `all_players_player`.`displayHeight`, `all_players_player`.`age`, `all_players_player`.`experience`, `all_players_player`.`jersey`, `all_players_player`.`headshot`, `all_players_player`.`yearly_proj` FROM `all_players_player` WHERE `all_players_player`.`id` = '4689936' LIMIT 21; args=('4689936',); alias=default
DEBUG 2025-04-20 21:45:04,906 utils (0.026) SELECT `User_team`.`id`, `User_team`.`title`, `User_team`.`author_id`, `User_team`.`league_id`, `User_team`.`rank`, `User_team`.`QB`, `User_team`.`RB1`, `User_team`.`RB2`, `User_team`.`WR1`, `User_team`.`WR2`, `User_team`.`TE`, `User_team`.`FLX`, `User_team`.`K`, `User_team`.`DEF`, `User_team`.`BN1`, `User_team`.`BN2`, `User_team`.`BN3`, `User_team`.`BN4`, `User_team`.`BN5`, `User_team`.`BN6`, `User_team`.`IR1`, `User_team`.`IR2` FROM `User_team` WHERE `User_team`.`league_id` = 90; args=(90,); alias=default
DEBUG 2025-04-20 21:45:04,935 utils (0.034) SELECT `all_players_player_stats`.`id`, `all_players_player_stats`.`player_id`, `all_players_player_stats`.`game_id`, `all_players_player_stats`.`firstName`, `all_players_player_stats`.`lastName`, `all_players_player_stats`.`week`, `all_players_player_stats`.`pass_att`, `all_players_player_stats`.`completions`, `all_players_player_stats`.`completions_perc`, `all_players_player_stats`.`pass_yards`, `all_players_player_stats`.`avg_pass_yards_completions`, `all_players_player_stats`.`pass_tds`, `all_players_player_stats`.`ints`, `all_players_player_stats`.`sacks`, `all_players_player_stats`.`catches`, `all_players_player_stats`.`targets`, `all_players_player_stats`.`avg_receiving_yards_perCatch`, `all_players_player_stats`.`receiving_yards`, `all_players_player_stats`.`receiving_tds`, `all_players_player_stats`.`carrys`, `all_players_player_stats`.`rush_yards`, `all_players_player_stats`.`avg_rush_yards_perCarry`, `all_players_player_stats`.`rush_tds`, `all_players_player_stats`.`fumbles`, `all_players_player_stats`.`return_td`, `all_players_player_stats`.`two_pt_made`, `all_players_player_stats`.`kick_1_19`, `all_players_player_stats`.`kick_20_29`, `all_players_player_stats`.`kick_30_39`, `all_players_player_stats`.`kick_40_49`, `all_players_player_stats`.`kick_50`, `all_players_player_stats`.`fg_perc`, `all_players_player_stats`.`fg_attempts`, `all_players_player_stats`.`fg_made`, `all_players_player_stats`.`extra_points_made`, `all_players_player_stats`.`extra_points_attempts`, `all_players_player_stats`.`proj_fantasy`, `all_players_player_stats`.`total_fantasy_points` FROM `all_players_player_stats` WHERE (`all_players_player_stats`.`player_id` = '4689936' AND `all_players_player_stats`.`week` = 1) LIMIT 21; args=('4689936', 1); alias=default
DEBUG 2025-04-20 21:45:13,661 utils (0.027) 
                SELECT VERSION(),
                       @@sql_mode,
                       @@default_storage_engine,
                       @@sql_auto_is_null,
                       @@lower_case_table_names,
                       CONVERT_TZ('2001-01-01 01:00:00', 'UTC', 'UTC') IS NOT NULL
            ; args=None; alias=default
DEBUG 2025-04-20 21:45:13,664 utils (0.026) 
                SELECT VERSION(),
                       @@sql_mode,
                       @@default_storage_engine,
                       @@sql_auto_is_null,
                       @@lower_case_table_names,
                       CONVERT_TZ('2001-01-01 01:00:00', 'UTC', 'UTC') IS NOT NULL
            ; args=None; alias=default
DEBUG 2025-04-20 21:45:13,675 utils (0.027) 
                SELECT VERSION(),
                       @@sql_mode,
                       @@default_storage_engine,
                       @@sql_auto_is_null,
                       @@lower_case_table_names,
                       CONVERT_TZ('2001-01-01 01:00:00', 'UTC', 'UTC') IS NOT NULL
            ; args=None; alias=default
DEBUG 2025-04-20 21:45:13,680 utils (0.027) 
                SELECT VERSION(),
                       @@sql_mode,
                       @@default_storage_engine,
                       @@sql_auto_is_null,
                       @@lower_case_table_names,
                       CONVERT_TZ('2001-01-01 01:00:00', 'UTC', 'UTC') IS NOT NULL
            ; args=None; alias=default
DEBUG 2025-04-20 21:45:13,685 utils (0.024) SET SESSION TRANSACTION ISOLATION LEVEL READ COMMITTED; args=None; alias=default
DEBUG 2025-04-20 21:45:13,694 utils (0.029) SET SESSION TRANSACTION ISOLATION LEVEL READ COMMITTED; args=None; alias=default
DEBUG 2025-04-20 21:45:13,701 utils (0.025) SET SESSION TRANSACTION ISOLATION LEVEL READ COMMITTED; args=None; alias=default
DEBUG 2025-04-20 21:45:13,706 utils (0.025) SET SESSION TRANSACTION ISOLATION LEVEL READ COMMITTED; args=None; alias=default
DEBUG 2025-04-20 21:45:13,713 utils (0.027) SELECT `auth_user`.`id`, `auth_user`.`password`, `auth_user`.`last_login`, `auth_user`.`is_superuser`, `auth_user`.`username`, `auth_user`.`first_name`, `auth_user`.`last_name`, `auth_user`.`email`, `auth_user`.`is_staff`, `auth_user`.`is_active`, `auth_user`.`date_joined` FROM `auth_user` WHERE `auth_user`.`id` = 2 LIMIT 21; args=(2,); alias=default
DEBUG 2025-04-20 21:45:13,718 utils (0.024) SELECT `auth_user`.`id`, `auth_user`.`password`, `auth_user`.`last_login`, `auth_user`.`is_superuser`, `auth_user`.`username`, `auth_user`.`first_name`, `auth_user`.`last_name`, `auth_user`.`email`, `auth_user`.`is_staff`, `auth_user`.`is_active`, `auth_user`.`date_joined` FROM `auth_user` WHERE `auth_user`.`id` = 2 LIMIT 21; args=(2,); alias=default
DEBUG 2025-04-20 21:45:13,724 utils (0.023) SELECT `auth_user`.`id`, `auth_user`.`password`, `auth_user`.`last_login`, `auth_user`.`is_superuser`, `auth_user`.`username`, `auth_user`.`first_name`, `auth_user`.`last_name`, `auth_user`.`email`, `auth_user`.`is_staff`, `auth_user`.`is_active`, `auth_user`.`date_joined` FROM `auth_user` WHERE `auth_user`.`id` = 2 LIMIT 21; args=(2,); alias=default
DEBUG 2025-04-20 21:45:13,732 utils (0.026) SELECT `auth_user`.`id`, `auth_user`.`password`, `auth_user`.`last_login`, `auth_user`.`is_superuser`, `auth_user`.`username`, `auth_user`.`first_name`, `auth_user`.`last_name`, `auth_user`.`email`, `auth_user`.`is_staff`, `auth_user`.`is_active`, `auth_user`.`date_joined` FROM `auth_user` WHERE `auth_user`.`id` = 2 LIMIT 21; args=(2,); alias=default
DEBUG 2025-04-20 21:45:13,744 utils (0.030) SELECT `User_week`.`id`, `User_week`.`week` FROM `User_week` ORDER BY `User_week`.`week` DESC LIMIT 1; args=(); alias=default
DEBUG 2025-04-20 21:45:13,749 utils (0.029) SELECT `User_league`.`id`, `User_league`.`name`, `User_league`.`owner_id`, `User_league`.`draft_date`, `User_league`.`time_per_pick`, `User_league`.`positional_betting`, `User_league`.`max_capacity`, `User_league`.`private`, `User_league`.`join_code`, `User_league`.`draftStarted`, `User_league`.`draftComplete` FROM `User_league` WHERE `User_league`.`id` = 90 LIMIT 21; args=(90,); alias=default
DEBUG 2025-04-20 21:45:13,758 utils (0.032) SELECT COUNT(*) AS `__count` FROM `all_players_player`; args=(); alias=default
DEBUG 2025-04-20 21:45:13,778 utils (0.033) SELECT `User_team`.`id`, `User_team`.`title`, `User_team`.`author_id`, `User_team`.`league_id`, `User_team`.`rank`, `User_team`.`QB`, `User_team`.`RB1`, `User_team`.`RB2`, `User_team`.`WR1`, `User_team`.`WR2`, `User_team`.`TE`, `User_team`.`FLX`, `User_team`.`K`, `User_team`.`DEF`, `User_team`.`BN1`, `User_team`.`BN2`, `User_team`.`BN3`, `User_team`.`BN4`, `User_team`.`BN5`, `User_team`.`BN6`, `User_team`.`IR1`, `User_team`.`IR2` FROM `User_team` WHERE (`User_team`.`author_id` = 2 AND `User_team`.`league_id` = 90) LIMIT 21; args=(2, 90); alias=default
DEBUG 2025-04-20 21:45:13,781 utils (0.032) SELECT `auth_user`.`id`, `auth_user`.`password`, `auth_user`.`last_login`, `auth_user`.`is_superuser`, `auth_user`.`username`, `auth_user`.`first_name`, `auth_user`.`last_name`, `auth_user`.`email`, `auth_user`.`is_staff`, `auth_user`.`is_active`, `auth_user`.`date_joined` FROM `auth_user` WHERE `auth_user`.`id` = 2 LIMIT 21; args=(2,); alias=default
DEBUG 2025-04-20 21:45:13,789 utils (0.031) SELECT `all_players_player`.`id`, `all_players_player`.`status`, `all_players_player`.`position`, `all_players_player`.`firstName`, `all_players_player`.`lastName`, `all_players_player`.`team`, `all_players_player`.`location`, `all_players_player`.`weight`, `all_players_player`.`displayHeight`, `all_players_player`.`age`, `all_players_player`.`experience`, `all_players_player`.`jersey`, `all_players_player`.`headshot`, `all_players_player`.`yearly_proj` FROM `all_players_player` LIMIT 10; args=(); alias=default
DEBUG 2025-04-20 21:45:13,800 utils (0.021) SELECT `auth_user`.`id`, `auth_user`.`password`, `auth_user`.`last_login`, `auth_user`.`is_superuser`, `auth_user`.`username`, `auth_user`.`first_name`, `auth_user`.`last_name`, `auth_user`.`email`, `auth_user`.`is_staff`, `auth_user`.`is_active`, `auth_user`.`date_joined` FROM `auth_user` WHERE `auth_user`.`id` = 2 LIMIT 21; args=(2,); alias=default
WARNING 2025-04-20 21:45:13,805 log Bad Request: /api/league/90/user-matchup/
DEBUG 2025-04-20 21:45:13,807 utils (0.025) SELECT `User_team`.`id`, `User_team`.`title`, `User_team`.`author_id`, `User_team`.`league_id`, `User_team`.`rank`, `User_team`.`QB`, `User_team`.`RB1`, `User_team`.`RB2`, `User_team`.`WR1`, `User_team`.`WR2`, `User_team`.`TE`, `User_team`.`FLX`, `User_team`.`K`, `User_team`.`DEF`, `User_team`.`BN1`, `User_team`.`BN2`, `User_team`.`BN3`, `User_team`.`BN4`, `User_team`.`BN5`, `User_team`.`BN6`, `User_team`.`IR1`, `User_team`.`IR2` FROM `User_team` WHERE (`User_team`.`author_id` = 2 AND `User_team`.`league_id` = 90) LIMIT 21; args=(2, 90); alias=default
DEBUG 2025-04-20 21:45:13,833 utils (0.025) SELECT `auth_user`.`id`, `auth_user`.`password`, `auth_user`.`last_login`, `auth_user`.`is_superuser`, `auth_user`.`username`, `auth_user`.`first_name`, `auth_user`.`last_name`, `auth_user`.`email`, `auth_user`.`is_staff`, `auth_user`.`is_active`, `auth_user`.`date_joined` FROM `auth_user` WHERE `auth_user`.`id` = 2 LIMIT 21; args=(2,); alias=default
DEBUG 2025-04-20 21:45:13,864 utils (0.029) SELECT `User_league`.`id`, `User_league`.`name`, `User_league`.`owner_id`, `User_league`.`draft_date`, `User_league`.`time_per_pick`, `User_league`.`positional_betting`, `User_league`.`max_capacity`, `User_league`.`private`, `User_league`.`join_code`, `User_league`.`draftStarted`, `User_league`.`draftComplete` FROM `User_league` WHERE `User_league`.`id` = 90 LIMIT 21; args=(90,); alias=default
DEBUG 2025-04-20 21:45:13,888 utils (0.022) SELECT `auth_user`.`id`, `auth_user`.`password`, `auth_user`.`last_login`, `auth_user`.`is_superuser`, `auth_user`.`username`, `auth_user`.`first_name`, `auth_user`.`last_name`, `auth_user`.`email`, `auth_user`.`is_staff`, `auth_user`.`is_active`, `auth_user`.`date_joined` FROM `auth_user` WHERE `auth_user`.`id` = 2 LIMIT 21; args=(2,); alias=default
DEBUG 2025-04-20 21:45:13,911 utils (0.022) SELECT `auth_user`.`id`, `auth_user`.`password`, `auth_user`.`last_login`, `auth_user`.`is_superuser`, `auth_user`.`username`, `auth_user`.`first_name`, `auth_user`.`last_name`, `auth_user`.`email`, `auth_user`.`is_staff`, `auth_user`.`is_active`, `auth_user`.`date_joined` FROM `auth_user` INNER JOIN `User_league_users` ON (`auth_user`.`id` = `User_league_users`.`user_id`) WHERE `User_league_users`.`league_id` = 90; args=(90,); alias=default
DEBUG 2025-04-20 21:45:13,936 utils (0.024) SELECT `User_team`.`id`, `User_team`.`title`, `User_team`.`author_id`, `User_team`.`league_id`, `User_team`.`rank`, `User_team`.`QB`, `User_team`.`RB1`, `User_team`.`RB2`, `User_team`.`WR1`, `User_team`.`WR2`, `User_team`.`TE`, `User_team`.`FLX`, `User_team`.`K`, `User_team`.`DEF`, `User_team`.`BN1`, `User_team`.`BN2`, `User_team`.`BN3`, `User_team`.`BN4`, `User_team`.`BN5`, `User_team`.`BN6`, `User_team`.`IR1`, `User_team`.`IR2` FROM `User_team` WHERE `User_team`.`league_id` = 90; args=(90,); alias=default
DEBUG 2025-04-20 21:45:13,945 utils (0.026) 
                SELECT VERSION(),
                       @@sql_mode,
                       @@default_storage_engine,
                       @@sql_auto_is_null,
                       @@lower_case_table_names,
                       CONVERT_TZ('2001-01-01 01:00:00', 'UTC', 'UTC') IS NOT NULL
            ; args=None; alias=default
DEBUG 2025-04-20 21:45:13,972 utils (0.027) SET SESSION TRANSACTION ISOLATION LEVEL READ COMMITTED; args=None; alias=default
DEBUG 2025-04-20 21:45:13,998 utils (0.025) SELECT `auth_user`.`id`, `auth_user`.`password`, `auth_user`.`last_login`, `auth_user`.`is_superuser`, `auth_user`.`username`, `auth_user`.`first_name`, `auth_user`.`last_name`, `auth_user`.`email`, `auth_user`.`is_staff`, `auth_user`.`is_active`, `auth_user`.`date_joined` FROM `auth_user` WHERE `auth_user`.`id` = 2 LIMIT 21; args=(2,); alias=default
DEBUG 2025-04-20 21:45:14,021 utils (0.022) SELECT `User_notification`.`id`, `User_notification`.`user_id`, `User_notification`.`message`, `User_notification`.`link`, `User_notification`.`is_read`, `User_notification`.`created_at` FROM `User_notification` WHERE `User_notification`.`user_id` = 2 ORDER BY `User_notification`.`created_at` DESC LIMIT 10; args=(2,); alias=default
DEBUG 2025-04-20 21:45:14,123 utils (0.020) 
                SELECT VERSION(),
                       @@sql_mode,
                       @@default_storage_engine,
                       @@sql_auto_is_null,
                       @@lower_case_table_names,
                       CONVERT_TZ('2001-01-01 01:00:00', 'UTC', 'UTC') IS NOT NULL
            ; args=None; alias=default
DEBUG 2025-04-20 21:45:14,140 utils (0.024) 
                SELECT VERSION(),
                       @@sql_mode,
                       @@default_storage_engine,
                       @@sql_auto_is_null,
                       @@lower_case_table_names,
                       CONVERT_TZ('2001-01-01 01:00:00', 'UTC', 'UTC') IS NOT NULL
            ; args=None; alias=default
DEBUG 2025-04-20 21:45:14,146 utils (0.023) SET SESSION TRANSACTION ISOLATION LEVEL READ COMMITTED; args=None; alias=default
DEBUG 2025-04-20 21:45:14,165 utils (0.024) SET SESSION TRANSACTION ISOLATION LEVEL READ COMMITTED; args=None; alias=default
DEBUG 2025-04-20 21:45:14,171 utils (0.024) SELECT `auth_user`.`id`, `auth_user`.`password`, `auth_user`.`last_login`, `auth_user`.`is_superuser`, `auth_user`.`username`, `auth_user`.`first_name`, `auth_user`.`last_name`, `auth_user`.`email`, `auth_user`.`is_staff`, `auth_user`.`is_active`, `auth_user`.`date_joined` FROM `auth_user` WHERE `auth_user`.`id` = 2 LIMIT 21; args=(2,); alias=default
DEBUG 2025-04-20 21:45:14,189 utils (0.024) SELECT `auth_user`.`id`, `auth_user`.`password`, `auth_user`.`last_login`, `auth_user`.`is_superuser`, `auth_user`.`username`, `auth_user`.`first_name`, `auth_user`.`last_name`, `auth_user`.`email`, `auth_user`.`is_staff`, `auth_user`.`is_active`, `auth_user`.`date_joined` FROM `auth_user` WHERE `auth_user`.`id` = 2 LIMIT 21; args=(2,); alias=default
DEBUG 2025-04-20 21:45:14,195 utils (0.023) SELECT `all_players_player`.`id`, `all_players_player`.`status`, `all_players_player`.`position`, `all_players_player`.`firstName`, `all_players_player`.`lastName`, `all_players_player`.`team`, `all_players_player`.`location`, `all_players_player`.`weight`, `all_players_player`.`displayHeight`, `all_players_player`.`age`, `all_players_player`.`experience`, `all_players_player`.`jersey`, `all_players_player`.`headshot`, `all_players_player`.`yearly_proj` FROM `all_players_player` WHERE `all_players_player`.`id` = '3134353' LIMIT 21; args=('3134353',); alias=default
DEBUG 2025-04-20 21:45:14,213 utils (0.023) SELECT `User_team`.`id`, `User_team`.`title`, `User_team`.`author_id`, `User_team`.`league_id`, `User_team`.`rank`, `User_team`.`QB`, `User_team`.`RB1`, `User_team`.`RB2`, `User_team`.`WR1`, `User_team`.`WR2`, `User_team`.`TE`, `User_team`.`FLX`, `User_team`.`K`, `User_team`.`DEF`, `User_team`.`BN1`, `User_team`.`BN2`, `User_team`.`BN3`, `User_team`.`BN4`, `User_team`.`BN5`, `User_team`.`BN6`, `User_team`.`IR1`, `User_team`.`IR2` FROM `User_team` WHERE (`User_team`.`author_id` = 2 AND `User_team`.`id` = 40) LIMIT 21; args=(2, 40); alias=default
DEBUG 2025-04-20 21:45:14,228 utils (0.032) SELECT `all_players_player_stats`.`id`, `all_players_player_stats`.`player_id`, `all_players_player_stats`.`game_id`, `all_players_player_stats`.`firstName`, `all_players_player_stats`.`lastName`, `all_players_player_stats`.`week`, `all_players_player_stats`.`pass_att`, `all_players_player_stats`.`completions`, `all_players_player_stats`.`completions_perc`, `all_players_player_stats`.`pass_yards`, `all_players_player_stats`.`avg_pass_yards_completions`, `all_players_player_stats`.`pass_tds`, `all_players_player_stats`.`ints`, `all_players_player_stats`.`sacks`, `all_players_player_stats`.`catches`, `all_players_player_stats`.`targets`, `all_players_player_stats`.`avg_receiving_yards_perCatch`, `all_players_player_stats`.`receiving_yards`, `all_players_player_stats`.`receiving_tds`, `all_players_player_stats`.`carrys`, `all_players_player_stats`.`rush_yards`, `all_players_player_stats`.`avg_rush_yards_perCarry`, `all_players_player_stats`.`rush_tds`, `all_players_player_stats`.`fumbles`, `all_players_player_stats`.`return_td`, `all_players_player_stats`.`two_pt_made`, `all_players_player_stats`.`kick_1_19`, `all_players_player_stats`.`kick_20_29`, `all_players_player_stats`.`kick_30_39`, `all_players_player_stats`.`kick_40_49`, `all_players_player_stats`.`kick_50`, `all_players_player_stats`.`fg_perc`, `all_players_player_stats`.`fg_attempts`, `all_players_player_stats`.`fg_made`, `all_players_player_stats`.`extra_points_made`, `all_players_player_stats`.`extra_points_attempts`, `all_players_player_stats`.`proj_fantasy`, `all_players_player_stats`.`total_fantasy_points` FROM `all_players_player_stats` WHERE (`all_players_player_stats`.`player_id` = '3134353' AND `all_players_player_stats`.`week` = 1) LIMIT 21; args=('3134353', 1); alias=default
DEBUG 2025-04-20 21:45:14,236 utils (0.021) UPDATE `User_team` SET `title` = 'N/A', `author_id` = 2, `league_id` = 90, `rank` = 0, `QB` = 'N/A', `RB1` = 'N/A', `RB2` = 'N/A', `WR1` = '3134353', `WR2` = 'N/A', `TE` = 'N/A', `FLX` = '4360405', `K` = 'N/A', `DEF` = 'N/A', `BN1` = '4689936', `BN2` = 'N/A', `BN3` = 'N/A', `BN4` = 'N/A', `BN5` = 'N/A', `BN6` = 'N/A', `IR1` = 'N/A', `IR2` = 'N/A' WHERE `User_team`.`id` = 40; args=('N/A', 2, 90, 0, 'N/A', 'N/A', 'N/A', '3134353', 'N/A', 'N/A', '4360405', 'N/A', 'N/A', '4689936', 'N/A', 'N/A', 'N/A', 'N/A', 'N/A', 'N/A', 'N/A', 40); alias=default
DEBUG 2025-04-20 21:45:14,254 utils (0.024) SELECT `all_players_player`.`id`, `all_players_player`.`status`, `all_players_player`.`position`, `all_players_player`.`firstName`, `all_players_player`.`lastName`, `all_players_player`.`team`, `all_players_player`.`location`, `all_players_player`.`weight`, `all_players_player`.`displayHeight`, `all_players_player`.`age`, `all_players_player`.`experience`, `all_players_player`.`jersey`, `all_players_player`.`headshot`, `all_players_player`.`yearly_proj` FROM `all_players_player` WHERE `all_players_player`.`id` = '4360405' LIMIT 21; args=('4360405',); alias=default
DEBUG 2025-04-20 21:45:14,265 utils (0.028) SELECT `auth_user`.`id`, `auth_user`.`password`, `auth_user`.`last_login`, `auth_user`.`is_superuser`, `auth_user`.`username`, `auth_user`.`first_name`, `auth_user`.`last_name`, `auth_user`.`email`, `auth_user`.`is_staff`, `auth_user`.`is_active`, `auth_user`.`date_joined` FROM `auth_user` WHERE `auth_user`.`id` = 2 LIMIT 21; args=(2,); alias=default
DEBUG 2025-04-20 21:45:14,288 utils (0.033) SELECT `all_players_player_stats`.`id`, `all_players_player_stats`.`player_id`, `all_players_player_stats`.`game_id`, `all_players_player_stats`.`firstName`, `all_players_player_stats`.`lastName`, `all_players_player_stats`.`week`, `all_players_player_stats`.`pass_att`, `all_players_player_stats`.`completions`, `all_players_player_stats`.`completions_perc`, `all_players_player_stats`.`pass_yards`, `all_players_player_stats`.`avg_pass_yards_completions`, `all_players_player_stats`.`pass_tds`, `all_players_player_stats`.`ints`, `all_players_player_stats`.`sacks`, `all_players_player_stats`.`catches`, `all_players_player_stats`.`targets`, `all_players_player_stats`.`avg_receiving_yards_perCatch`, `all_players_player_stats`.`receiving_yards`, `all_players_player_stats`.`receiving_tds`, `all_players_player_stats`.`carrys`, `all_players_player_stats`.`rush_yards`, `all_players_player_stats`.`avg_rush_yards_perCarry`, `all_players_player_stats`.`rush_tds`, `all_players_player_stats`.`fumbles`, `all_players_player_stats`.`return_td`, `all_players_player_stats`.`two_pt_made`, `all_players_player_stats`.`kick_1_19`, `all_players_player_stats`.`kick_20_29`, `all_players_player_stats`.`kick_30_39`, `all_players_player_stats`.`kick_40_49`, `all_players_player_stats`.`kick_50`, `all_players_player_stats`.`fg_perc`, `all_players_player_stats`.`fg_attempts`, `all_players_player_stats`.`fg_made`, `all_players_player_stats`.`extra_points_made`, `all_players_player_stats`.`extra_points_attempts`, `all_players_player_stats`.`proj_fantasy`, `all_players_player_stats`.`total_fantasy_points` FROM `all_players_player_stats` WHERE (`all_players_player_stats`.`player_id` = '4360405' AND `all_players_player_stats`.`week` = 1) LIMIT 21; args=('4360405', 1); alias=default
DEBUG 2025-04-20 21:45:14,296 utils (0.030) SELECT `User_league`.`id`, `User_league`.`name`, `User_league`.`owner_id`, `User_league`.`draft_date`, `User_league`.`time_per_pick`, `User_league`.`positional_betting`, `User_league`.`max_capacity`, `User_league`.`private`, `User_league`.`join_code`, `User_league`.`draftStarted`, `User_league`.`draftComplete` FROM `User_league` WHERE `User_league`.`id` = 90 LIMIT 21; args=(90,); alias=default
DEBUG 2025-04-20 21:45:14,318 utils (0.028) SELECT `all_players_player`.`id`, `all_players_player`.`status`, `all_players_player`.`position`, `all_players_player`.`firstName`, `all_players_player`.`lastName`, `all_players_player`.`team`, `all_players_player`.`location`, `all_players_player`.`weight`, `all_players_player`.`displayHeight`, `all_players_player`.`age`, `all_players_player`.`experience`, `all_players_player`.`jersey`, `all_players_player`.`headshot`, `all_players_player`.`yearly_proj` FROM `all_players_player` WHERE `all_players_player`.`id` = '4689936' LIMIT 21; args=('4689936',); alias=default
DEBUG 2025-04-20 21:45:14,324 utils (0.027) SELECT `auth_user`.`id`, `auth_user`.`password`, `auth_user`.`last_login`, `auth_user`.`is_superuser`, `auth_user`.`username`, `auth_user`.`first_name`, `auth_user`.`last_name`, `auth_user`.`email`, `auth_user`.`is_staff`, `auth_user`.`is_active`, `auth_user`.`date_joined` FROM `auth_user` WHERE `auth_user`.`id` = 2 LIMIT 21; args=(2,); alias=default
DEBUG 2025-04-20 21:45:14,340 utils (0.021) SELECT `all_players_player_stats`.`id`, `all_players_player_stats`.`player_id`, `all_players_player_stats`.`game_id`, `all_players_player_stats`.`firstName`, `all_players_player_stats`.`lastName`, `all_players_player_stats`.`week`, `all_players_player_stats`.`pass_att`, `all_players_player_stats`.`completions`, `all_players_player_stats`.`completions_perc`, `all_players_player_stats`.`pass_yards`, `all_players_player_stats`.`avg_pass_yards_completions`, `all_players_player_stats`.`pass_tds`, `all_players_player_stats`.`ints`, `all_players_player_stats`.`sacks`, `all_players_player_stats`.`catches`, `all_players_player_stats`.`targets`, `all_players_player_stats`.`avg_receiving_yards_perCatch`, `all_players_player_stats`.`receiving_yards`, `all_players_player_stats`.`receiving_tds`, `all_players_player_stats`.`carrys`, `all_players_player_stats`.`rush_yards`, `all_players_player_stats`.`avg_rush_yards_perCarry`, `all_players_player_stats`.`rush_tds`, `all_players_player_stats`.`fumbles`, `all_players_player_stats`.`return_td`, `all_players_player_stats`.`two_pt_made`, `all_players_player_stats`.`kick_1_19`, `all_players_player_stats`.`kick_20_29`, `all_players_player_stats`.`kick_30_39`, `all_players_player_stats`.`kick_40_49`, `all_players_player_stats`.`kick_50`, `all_players_player_stats`.`fg_perc`, `all_players_player_stats`.`fg_attempts`, `all_players_player_stats`.`fg_made`, `all_players_player_stats`.`extra_points_made`, `all_players_player_stats`.`extra_points_attempts`, `all_players_player_stats`.`proj_fantasy`, `all_players_player_stats`.`total_fantasy_points` FROM `all_players_player_stats` WHERE (`all_players_player_stats`.`player_id` = '4689936' AND `all_players_player_stats`.`week` = 1) LIMIT 21; args=('4689936', 1); alias=default
DEBUG 2025-04-20 21:45:14,349 utils (0.023) SELECT `auth_user`.`id`, `auth_user`.`password`, `auth_user`.`last_login`, `auth_user`.`is_superuser`, `auth_user`.`username`, `auth_user`.`first_name`, `auth_user`.`last_name`, `auth_user`.`email`, `auth_user`.`is_staff`, `auth_user`.`is_active`, `auth_user`.`date_joined` FROM `auth_user` INNER JOIN `User_league_users` ON (`auth_user`.`id` = `User_league_users`.`user_id`) WHERE `User_league_users`.`league_id` = 90; args=(90,); alias=default
DEBUG 2025-04-20 21:45:14,375 utils (0.025) SELECT `User_team`.`id`, `User_team`.`title`, `User_team`.`author_id`, `User_team`.`league_id`, `User_team`.`rank`, `User_team`.`QB`, `User_team`.`RB1`, `User_team`.`RB2`, `User_team`.`WR1`, `User_team`.`WR2`, `User_team`.`TE`, `User_team`.`FLX`, `User_team`.`K`, `User_team`.`DEF`, `User_team`.`BN1`, `User_team`.`BN2`, `User_team`.`BN3`, `User_team`.`BN4`, `User_team`.`BN5`, `User_team`.`BN6`, `User_team`.`IR1`, `User_team`.`IR2` FROM `User_team` WHERE `User_team`.`league_id` = 90; args=(90,); alias=default
